[ 2018-07-10T11:47:04+08:00 ] 101.226.35.225 /skins/vector/csshover.htc
INFO: [ app_init ] --START--
INFO: Run Behavior\BuildLiteBehavior [ RunTime:0.000009s ]
INFO: [ app_init ] --END-- [ RunTime:0.000040s ]
ERR: 无法加载模块:Skins

[ 2018-07-10T11:47:08+08:00 ] 101.226.35.225 /rockmongo/
INFO: [ app_init ] --START--
INFO: Run Behavior\BuildLiteBehavior [ RunTime:0.000009s ]
INFO: [ app_init ] --END-- [ RunTime:0.000039s ]
ERR: 无法加载模块:Rockmongo

[ 2018-07-10T11:47:08+08:00 ] 101.226.35.225 /server-status
INFO: [ app_init ] --START--
INFO: Run Behavior\BuildLiteBehavior [ RunTime:0.000006s ]
INFO: [ app_init ] --END-- [ RunTime:0.000028s ]
ERR: 无法加载模块:Server-status

[ 2018-07-10T11:47:08+08:00 ] 101.226.35.225 /wikilib.d/PmWiki.ChangeLog
INFO: [ app_init ] --START--
INFO: Run Behavior\BuildLiteBehavior [ RunTime:0.000009s ]
INFO: [ app_init ] --END-- [ RunTime:0.000042s ]
ERR: 无法加载模块:Wikilib.d

[ 2018-07-10T11:47:08+08:00 ] 101.226.35.225 /4e5e5d7364f443e28fbf0d3ae744a59a
INFO: [ app_init ] --START--
INFO: Run Behavior\BuildLiteBehavior [ RunTime:0.000006s ]
INFO: [ app_init ] --END-- [ RunTime:0.000030s ]
ERR: 无法加载模块:4e5e5d7364f443e28fbf0d3ae744a59a

[ 2018-07-10T11:47:09+08:00 ] 101.226.35.225 /jenkins/
INFO: [ app_init ] --START--
INFO: Run Behavior\BuildLiteBehavior [ RunTime:0.000007s ]
INFO: [ app_init ] --END-- [ RunTime:0.000029s ]
ERR: 无法加载模块:Jenkins

[ 2018-07-10T11:47:09+08:00 ] 101.226.35.225 /console/login/LoginForm.jsp
INFO: [ app_init ] --START--
INFO: Run Behavior\BuildLiteBehavior [ RunTime:0.000006s ]
INFO: [ app_init ] --END-- [ RunTime:0.000029s ]
ERR: 无法加载模块:Console

[ 2018-07-10T11:47:09+08:00 ] 101.226.35.225 /solr/
INFO: [ app_init ] --START--
INFO: Run Behavior\BuildLiteBehavior [ RunTime:0.000008s ]
INFO: [ app_init ] --END-- [ RunTime:0.000033s ]
ERR: 无法加载模块:Solr

