[ 2018-07-19T08:03:11+08:00 ] 123.139.72.110 /admin.php/Index/welcome.html
INFO: [ app_init ] --START--
INFO: Run Behavior\BuildLiteBehavior [ RunTime:0.000006s ]
INFO: [ app_init ] --END-- [ RunTime:0.000030s ]
INFO: [ app_begin ] --START--
INFO: Run Behavior\ReadHtmlCacheBehavior [ RunTime:0.000271s ]
INFO: [ app_begin ] --END-- [ RunTime:0.000291s ]
NOTIC: [2] session_name(): Cannot change session name when session is active /home/wwwroot/test.xihuanmall.com/ThinkPHP/Common/functions.php 第 1238 行.
NOTIC: [2] ini_set(): A session is active. You cannot change the session module's ini settings at this time /home/wwwroot/test.xihuanmall.com/ThinkPHP/Common/functions.php 第 1242 行.
NOTIC: [2] ini_set(): A session is active. You cannot change the session module's ini settings at this time /home/wwwroot/test.xihuanmall.com/ThinkPHP/Common/functions.php 第 1243 行.
NOTIC: [8] session_start(): A session had already been started - ignoring /home/wwwroot/test.xihuanmall.com/ThinkPHP/Common/functions.php 第 1263 行.
SQL: SHOW COLUMNS FROM `tp_menu` [ RunTime:0.0005s ]
SQL: SELECT * FROM `tp_menu` ORDER BY step asc  [ RunTime:0.0001s ]
INFO: [ app_end ] --START--
INFO: Run Behavior\ShowPageTraceBehavior [ RunTime:0.000323s ]
INFO: [ app_end ] --END-- [ RunTime:0.000343s ]

[ 2018-07-19T08:04:47+08:00 ] 123.139.72.110 /admin.php/Index/index.html
INFO: [ app_init ] --START--
INFO: Run Behavior\BuildLiteBehavior [ RunTime:0.000009s ]
INFO: [ app_init ] --END-- [ RunTime:0.000040s ]
INFO: [ app_begin ] --START--
INFO: Run Behavior\ReadHtmlCacheBehavior [ RunTime:0.000301s ]
INFO: [ app_begin ] --END-- [ RunTime:0.000320s ]
NOTIC: [2] session_name(): Cannot change session name when session is active /home/wwwroot/test.xihuanmall.com/ThinkPHP/Common/functions.php 第 1238 行.
NOTIC: [2] ini_set(): A session is active. You cannot change the session module's ini settings at this time /home/wwwroot/test.xihuanmall.com/ThinkPHP/Common/functions.php 第 1242 行.
NOTIC: [2] ini_set(): A session is active. You cannot change the session module's ini settings at this time /home/wwwroot/test.xihuanmall.com/ThinkPHP/Common/functions.php 第 1243 行.
NOTIC: [8] session_start(): A session had already been started - ignoring /home/wwwroot/test.xihuanmall.com/ThinkPHP/Common/functions.php 第 1263 行.
SQL: SHOW COLUMNS FROM `tp_menu` [ RunTime:0.0007s ]
SQL: SELECT * FROM `tp_menu` ORDER BY step asc  [ RunTime:0.0001s ]
INFO: [ view_parse ] --START--
INFO: [ template_filter ] --START--
INFO: Run Behavior\ContentReplaceBehavior [ RunTime:0.000045s ]
INFO: [ template_filter ] --END-- [ RunTime:0.000073s ]
INFO: Run Behavior\ParseTemplateBehavior [ RunTime:0.004021s ]
INFO: [ view_parse ] --END-- [ RunTime:0.004042s ]
INFO: [ view_filter ] --START--
INFO: Run Behavior\WriteHtmlCacheBehavior [ RunTime:0.000114s ]
INFO: [ view_filter ] --END-- [ RunTime:0.000127s ]
INFO: [ app_end ] --START--
INFO: Run Behavior\ShowPageTraceBehavior [ RunTime:0.000330s ]
INFO: [ app_end ] --END-- [ RunTime:0.000366s ]

[ 2018-07-19T08:04:47+08:00 ] 123.139.72.110 /admin.php/Index/welcome.html
INFO: [ app_init ] --START--
INFO: Run Behavior\BuildLiteBehavior [ RunTime:0.000006s ]
INFO: [ app_init ] --END-- [ RunTime:0.000028s ]
INFO: [ app_begin ] --START--
INFO: Run Behavior\ReadHtmlCacheBehavior [ RunTime:0.000250s ]
INFO: [ app_begin ] --END-- [ RunTime:0.000268s ]
NOTIC: [2] session_name(): Cannot change session name when session is active /home/wwwroot/test.xihuanmall.com/ThinkPHP/Common/functions.php 第 1238 行.
NOTIC: [2] ini_set(): A session is active. You cannot change the session module's ini settings at this time /home/wwwroot/test.xihuanmall.com/ThinkPHP/Common/functions.php 第 1242 行.
NOTIC: [2] ini_set(): A session is active. You cannot change the session module's ini settings at this time /home/wwwroot/test.xihuanmall.com/ThinkPHP/Common/functions.php 第 1243 行.
NOTIC: [8] session_start(): A session had already been started - ignoring /home/wwwroot/test.xihuanmall.com/ThinkPHP/Common/functions.php 第 1263 行.
SQL: SHOW COLUMNS FROM `tp_menu` [ RunTime:0.0005s ]
SQL: SELECT * FROM `tp_menu` ORDER BY step asc  [ RunTime:0.0001s ]
INFO: [ app_end ] --START--
INFO: Run Behavior\ShowPageTraceBehavior [ RunTime:0.000328s ]
INFO: [ app_end ] --END-- [ RunTime:0.000346s ]

[ 2018-07-19T08:04:50+08:00 ] 123.139.72.110 /admin.php/Index/index.html
INFO: [ app_init ] --START--
INFO: Run Behavior\BuildLiteBehavior [ RunTime:0.000006s ]
INFO: [ app_init ] --END-- [ RunTime:0.000029s ]
INFO: [ app_begin ] --START--
INFO: Run Behavior\ReadHtmlCacheBehavior [ RunTime:0.000302s ]
INFO: [ app_begin ] --END-- [ RunTime:0.000325s ]
NOTIC: [2] session_name(): Cannot change session name when session is active /home/wwwroot/test.xihuanmall.com/ThinkPHP/Common/functions.php 第 1238 行.
NOTIC: [2] ini_set(): A session is active. You cannot change the session module's ini settings at this time /home/wwwroot/test.xihuanmall.com/ThinkPHP/Common/functions.php 第 1242 行.
NOTIC: [2] ini_set(): A session is active. You cannot change the session module's ini settings at this time /home/wwwroot/test.xihuanmall.com/ThinkPHP/Common/functions.php 第 1243 行.
NOTIC: [8] session_start(): A session had already been started - ignoring /home/wwwroot/test.xihuanmall.com/ThinkPHP/Common/functions.php 第 1263 行.
SQL: SHOW COLUMNS FROM `tp_menu` [ RunTime:0.0006s ]
SQL: SELECT * FROM `tp_menu` ORDER BY step asc  [ RunTime:0.0001s ]
INFO: [ view_parse ] --START--
INFO: [ template_filter ] --START--
INFO: Run Behavior\ContentReplaceBehavior [ RunTime:0.000037s ]
INFO: [ template_filter ] --END-- [ RunTime:0.000058s ]
INFO: Run Behavior\ParseTemplateBehavior [ RunTime:0.003936s ]
INFO: [ view_parse ] --END-- [ RunTime:0.003954s ]
INFO: [ view_filter ] --START--
INFO: Run Behavior\WriteHtmlCacheBehavior [ RunTime:0.000113s ]
INFO: [ view_filter ] --END-- [ RunTime:0.000125s ]
INFO: [ app_end ] --START--
INFO: Run Behavior\ShowPageTraceBehavior [ RunTime:0.000354s ]
INFO: [ app_end ] --END-- [ RunTime:0.000371s ]

[ 2018-07-19T08:04:50+08:00 ] 123.139.72.110 /admin.php/Index/welcome.html
INFO: [ app_init ] --START--
INFO: Run Behavior\BuildLiteBehavior [ RunTime:0.000006s ]
INFO: [ app_init ] --END-- [ RunTime:0.000030s ]
INFO: [ app_begin ] --START--
INFO: Run Behavior\ReadHtmlCacheBehavior [ RunTime:0.000297s ]
INFO: [ app_begin ] --END-- [ RunTime:0.000338s ]
NOTIC: [2] session_name(): Cannot change session name when session is active /home/wwwroot/test.xihuanmall.com/ThinkPHP/Common/functions.php 第 1238 行.
NOTIC: [2] ini_set(): A session is active. You cannot change the session module's ini settings at this time /home/wwwroot/test.xihuanmall.com/ThinkPHP/Common/functions.php 第 1242 行.
NOTIC: [2] ini_set(): A session is active. You cannot change the session module's ini settings at this time /home/wwwroot/test.xihuanmall.com/ThinkPHP/Common/functions.php 第 1243 行.
NOTIC: [8] session_start(): A session had already been started - ignoring /home/wwwroot/test.xihuanmall.com/ThinkPHP/Common/functions.php 第 1263 行.
SQL: SHOW COLUMNS FROM `tp_menu` [ RunTime:0.0005s ]
SQL: SELECT * FROM `tp_menu` ORDER BY step asc  [ RunTime:0.0001s ]
INFO: [ app_end ] --START--
INFO: Run Behavior\ShowPageTraceBehavior [ RunTime:0.000371s ]
INFO: [ app_end ] --END-- [ RunTime:0.000391s ]

[ 2018-07-19T08:04:53+08:00 ] 123.139.72.110 /admin.php/Order/index.html
INFO: [ app_init ] --START--
INFO: Run Behavior\BuildLiteBehavior [ RunTime:0.000007s ]
INFO: [ app_init ] --END-- [ RunTime:0.000028s ]
INFO: [ app_begin ] --START--
INFO: Run Behavior\ReadHtmlCacheBehavior [ RunTime:0.000259s ]
INFO: [ app_begin ] --END-- [ RunTime:0.000280s ]
NOTIC: [2] Declaration of Admin\Controller\OrderController::show() should be compatible with Think\Controller::show($content, $charset = '', $contentType = '', $prefix = '') /home/wwwroot/test.xihuanmall.com/Application/Admin/Controller/OrderController.class.php 第 4 行.
SQL: SHOW COLUMNS FROM `tp_order` [ RunTime:0.0006s ]
SQL: SHOW COLUMNS FROM `tp_order_product` [ RunTime:0.0003s ]
NOTIC: [2] session_name(): Cannot change session name when session is active /home/wwwroot/test.xihuanmall.com/ThinkPHP/Common/functions.php 第 1238 行.
NOTIC: [2] ini_set(): A session is active. You cannot change the session module's ini settings at this time /home/wwwroot/test.xihuanmall.com/ThinkPHP/Common/functions.php 第 1242 行.
NOTIC: [2] ini_set(): A session is active. You cannot change the session module's ini settings at this time /home/wwwroot/test.xihuanmall.com/ThinkPHP/Common/functions.php 第 1243 行.
NOTIC: [8] session_start(): A session had already been started - ignoring /home/wwwroot/test.xihuanmall.com/ThinkPHP/Common/functions.php 第 1263 行.
SQL: SHOW COLUMNS FROM `tp_menu` [ RunTime:0.0003s ]
SQL: SELECT * FROM `tp_menu` ORDER BY step asc  [ RunTime:0.0001s ]
NOTIC: [8] Undefined index: pay_type /home/wwwroot/test.xihuanmall.com/Application/Admin/Controller/OrderController.class.php 第 25 行.
NOTIC: [8] Undefined index: pay_status /home/wwwroot/test.xihuanmall.com/Application/Admin/Controller/OrderController.class.php 第 26 行.
NOTIC: [8] Undefined index: start_time /home/wwwroot/test.xihuanmall.com/Application/Admin/Controller/OrderController.class.php 第 27 行.
NOTIC: [8] Undefined index: end_time /home/wwwroot/test.xihuanmall.com/Application/Admin/Controller/OrderController.class.php 第 28 行.
SQL: SELECT COUNT(*) AS tp_count FROM `tp_order` WHERE ( 1=1 AND del=0 ) LIMIT 1   [ RunTime:0.0000s ]
SQL: SELECT * FROM `tp_order` WHERE ( 1=1 AND del=0 ) ORDER BY id desc LIMIT 0,25   [ RunTime:0.0001s ]
SQL: SHOW COLUMNS FROM `tp_user` [ RunTime:0.0004s ]
SQL: SELECT `uname` FROM `tp_user` WHERE ( id=553 ) LIMIT 1   [ RunTime:0.0001s ]
SQL: SELECT `uname` FROM `tp_user` WHERE ( id=553 ) LIMIT 1   [ RunTime:0.0000s ]
SQL: SELECT `uname` FROM `tp_user` WHERE ( id=553 ) LIMIT 1   [ RunTime:0.0000s ]
SQL: SELECT `uname` FROM `tp_user` WHERE ( id=628 ) LIMIT 1   [ RunTime:0.0001s ]
SQL: SELECT `uname` FROM `tp_user` WHERE ( id=598 ) LIMIT 1   [ RunTime:0.0001s ]
SQL: SELECT `uname` FROM `tp_user` WHERE ( id=555 ) LIMIT 1   [ RunTime:0.0001s ]
SQL: SELECT `uname` FROM `tp_user` WHERE ( id=575 ) LIMIT 1   [ RunTime:0.0001s ]
SQL: SELECT `uname` FROM `tp_user` WHERE ( id=553 ) LIMIT 1   [ RunTime:0.0000s ]
SQL: SELECT `uname` FROM `tp_user` WHERE ( id=553 ) LIMIT 1   [ RunTime:0.0000s ]
SQL: SELECT `uname` FROM `tp_user` WHERE ( id=553 ) LIMIT 1   [ RunTime:0.0000s ]
SQL: SELECT `uname` FROM `tp_user` WHERE ( id=553 ) LIMIT 1   [ RunTime:0.0000s ]
SQL: SELECT `uname` FROM `tp_user` WHERE ( id=553 ) LIMIT 1   [ RunTime:0.0000s ]
SQL: SELECT `uname` FROM `tp_user` WHERE ( id=555 ) LIMIT 1   [ RunTime:0.0000s ]
SQL: SELECT `uname` FROM `tp_user` WHERE ( id=553 ) LIMIT 1   [ RunTime:0.0000s ]
SQL: SELECT `uname` FROM `tp_user` WHERE ( id=553 ) LIMIT 1   [ RunTime:0.0000s ]
SQL: SELECT `uname` FROM `tp_user` WHERE ( id=553 ) LIMIT 1   [ RunTime:0.0000s ]
SQL: SELECT `uname` FROM `tp_user` WHERE ( id=553 ) LIMIT 1   [ RunTime:0.0000s ]
SQL: SELECT `uname` FROM `tp_user` WHERE ( id=553 ) LIMIT 1   [ RunTime:0.0000s ]
SQL: SELECT `uname` FROM `tp_user` WHERE ( id=553 ) LIMIT 1   [ RunTime:0.0000s ]
SQL: SELECT `uname` FROM `tp_user` WHERE ( id=553 ) LIMIT 1   [ RunTime:0.0000s ]
SQL: SELECT `uname` FROM `tp_user` WHERE ( id=553 ) LIMIT 1   [ RunTime:0.0000s ]
SQL: SELECT `uname` FROM `tp_user` WHERE ( id=553 ) LIMIT 1   [ RunTime:0.0000s ]
SQL: SELECT `uname` FROM `tp_user` WHERE ( id=553 ) LIMIT 1   [ RunTime:0.0000s ]
SQL: SELECT `uname` FROM `tp_user` WHERE ( id=553 ) LIMIT 1   [ RunTime:0.0000s ]
SQL: SELECT `uname` FROM `tp_user` WHERE ( id=553 ) LIMIT 1   [ RunTime:0.0000s ]
NOTIC: [8] Undefined index: admininfo /home/wwwroot/test.xihuanmall.com/Application/Admin/Controller/OrderController.class.php 第 119 行.
INFO: [ view_parse ] --START--
INFO: [ template_filter ] --START--
INFO: Run Behavior\ContentReplaceBehavior [ RunTime:0.000060s ]
INFO: [ template_filter ] --END-- [ RunTime:0.000082s ]
NOTIC: [8] Undefined variable: pay_type /home/wwwroot/test.xihuanmall.com/Application/Runtime/Cache/Admin/18bc66a7b6334412ab8e61a2539ecfbd.php 第 42 行.
NOTIC: [8] Undefined variable: pay_type /home/wwwroot/test.xihuanmall.com/Application/Runtime/Cache/Admin/18bc66a7b6334412ab8e61a2539ecfbd.php 第 43 行.
NOTIC: [8] Undefined variable: pay_status /home/wwwroot/test.xihuanmall.com/Application/Runtime/Cache/Admin/18bc66a7b6334412ab8e61a2539ecfbd.php 第 52 行.
NOTIC: [8] Undefined variable: pay_status /home/wwwroot/test.xihuanmall.com/Application/Runtime/Cache/Admin/18bc66a7b6334412ab8e61a2539ecfbd.php 第 52 行.
NOTIC: [8] Undefined variable: pay_status /home/wwwroot/test.xihuanmall.com/Application/Runtime/Cache/Admin/18bc66a7b6334412ab8e61a2539ecfbd.php 第 52 行.
NOTIC: [8] Undefined variable: pay_status /home/wwwroot/test.xihuanmall.com/Application/Runtime/Cache/Admin/18bc66a7b6334412ab8e61a2539ecfbd.php 第 52 行.
NOTIC: [8] Undefined variable: pay_status /home/wwwroot/test.xihuanmall.com/Application/Runtime/Cache/Admin/18bc66a7b6334412ab8e61a2539ecfbd.php 第 52 行.
NOTIC: [8] Undefined variable: pay_status /home/wwwroot/test.xihuanmall.com/Application/Runtime/Cache/Admin/18bc66a7b6334412ab8e61a2539ecfbd.php 第 52 行.
NOTIC: [8] Undefined variable: pay_status /home/wwwroot/test.xihuanmall.com/Application/Runtime/Cache/Admin/18bc66a7b6334412ab8e61a2539ecfbd.php 第 54 行.
NOTIC: [8] Undefined variable: pay_status /home/wwwroot/test.xihuanmall.com/Application/Runtime/Cache/Admin/18bc66a7b6334412ab8e61a2539ecfbd.php 第 55 行.
NOTIC: [8] Undefined variable: start_time /home/wwwroot/test.xihuanmall.com/Application/Runtime/Cache/Admin/18bc66a7b6334412ab8e61a2539ecfbd.php 第 61 行.
NOTIC: [8] Undefined variable: end_time /home/wwwroot/test.xihuanmall.com/Application/Runtime/Cache/Admin/18bc66a7b6334412ab8e61a2539ecfbd.php 第 62 行.
NOTIC: [8] Undefined index: name /home/wwwroot/test.xihuanmall.com/Application/Runtime/Cache/Admin/18bc66a7b6334412ab8e61a2539ecfbd.php 第 88 行.
NOTIC: [8] Undefined index: name /home/wwwroot/test.xihuanmall.com/Application/Runtime/Cache/Admin/18bc66a7b6334412ab8e61a2539ecfbd.php 第 88 行.
NOTIC: [8] Undefined index: name /home/wwwroot/test.xihuanmall.com/Application/Runtime/Cache/Admin/18bc66a7b6334412ab8e61a2539ecfbd.php 第 88 行.
NOTIC: [8] Undefined index: name /home/wwwroot/test.xihuanmall.com/Application/Runtime/Cache/Admin/18bc66a7b6334412ab8e61a2539ecfbd.php 第 88 行.
NOTIC: [8] Undefined index: name /home/wwwroot/test.xihuanmall.com/Application/Runtime/Cache/Admin/18bc66a7b6334412ab8e61a2539ecfbd.php 第 88 行.
NOTIC: [8] Undefined index: name /home/wwwroot/test.xihuanmall.com/Application/Runtime/Cache/Admin/18bc66a7b6334412ab8e61a2539ecfbd.php 第 88 行.
NOTIC: [8] Undefined index: name /home/wwwroot/test.xihuanmall.com/Application/Runtime/Cache/Admin/18bc66a7b6334412ab8e61a2539ecfbd.php 第 88 行.
NOTIC: [8] Undefined index: name /home/wwwroot/test.xihuanmall.com/Application/Runtime/Cache/Admin/18bc66a7b6334412ab8e61a2539ecfbd.php 第 88 行.
NOTIC: [8] Undefined index: name /home/wwwroot/test.xihuanmall.com/Application/Runtime/Cache/Admin/18bc66a7b6334412ab8e61a2539ecfbd.php 第 88 行.
NOTIC: [8] Undefined index: name /home/wwwroot/test.xihuanmall.com/Application/Runtime/Cache/Admin/18bc66a7b6334412ab8e61a2539ecfbd.php 第 88 行.
NOTIC: [8] Undefined index: name /home/wwwroot/test.xihuanmall.com/Application/Runtime/Cache/Admin/18bc66a7b6334412ab8e61a2539ecfbd.php 第 88 行.
NOTIC: [8] Undefined index: name /home/wwwroot/test.xihuanmall.com/Application/Runtime/Cache/Admin/18bc66a7b6334412ab8e61a2539ecfbd.php 第 88 行.
NOTIC: [8] Undefined index: name /home/wwwroot/test.xihuanmall.com/Application/Runtime/Cache/Admin/18bc66a7b6334412ab8e61a2539ecfbd.php 第 88 行.
NOTIC: [8] Undefined index: name /home/wwwroot/test.xihuanmall.com/Application/Runtime/Cache/Admin/18bc66a7b6334412ab8e61a2539ecfbd.php 第 88 行.
NOTIC: [8] Undefined index: name /home/wwwroot/test.xihuanmall.com/Application/Runtime/Cache/Admin/18bc66a7b6334412ab8e61a2539ecfbd.php 第 88 行.
NOTIC: [8] Undefined index: name /home/wwwroot/test.xihuanmall.com/Application/Runtime/Cache/Admin/18bc66a7b6334412ab8e61a2539ecfbd.php 第 88 行.
NOTIC: [8] Undefined index: name /home/wwwroot/test.xihuanmall.com/Application/Runtime/Cache/Admin/18bc66a7b6334412ab8e61a2539ecfbd.php 第 88 行.
NOTIC: [8] Undefined index: name /home/wwwroot/test.xihuanmall.com/Application/Runtime/Cache/Admin/18bc66a7b6334412ab8e61a2539ecfbd.php 第 88 行.
NOTIC: [8] Undefined index: name /home/wwwroot/test.xihuanmall.com/Application/Runtime/Cache/Admin/18bc66a7b6334412ab8e61a2539ecfbd.php 第 88 行.
NOTIC: [8] Undefined index: name /home/wwwroot/test.xihuanmall.com/Application/Runtime/Cache/Admin/18bc66a7b6334412ab8e61a2539ecfbd.php 第 88 行.
NOTIC: [8] Undefined index: name /home/wwwroot/test.xihuanmall.com/Application/Runtime/Cache/Admin/18bc66a7b6334412ab8e61a2539ecfbd.php 第 88 行.
NOTIC: [8] Undefined index: name /home/wwwroot/test.xihuanmall.com/Application/Runtime/Cache/Admin/18bc66a7b6334412ab8e61a2539ecfbd.php 第 88 行.
NOTIC: [8] Undefined index: name /home/wwwroot/test.xihuanmall.com/Application/Runtime/Cache/Admin/18bc66a7b6334412ab8e61a2539ecfbd.php 第 88 行.
NOTIC: [8] Undefined index: name /home/wwwroot/test.xihuanmall.com/Application/Runtime/Cache/Admin/18bc66a7b6334412ab8e61a2539ecfbd.php 第 88 行.
NOTIC: [8] Undefined index: name /home/wwwroot/test.xihuanmall.com/Application/Runtime/Cache/Admin/18bc66a7b6334412ab8e61a2539ecfbd.php 第 88 行.
INFO: Run Behavior\ParseTemplateBehavior [ RunTime:0.004314s ]
INFO: [ view_parse ] --END-- [ RunTime:0.004330s ]
INFO: [ view_filter ] --START--
INFO: Run Behavior\WriteHtmlCacheBehavior [ RunTime:0.000151s ]
INFO: [ view_filter ] --END-- [ RunTime:0.000164s ]
INFO: [ app_end ] --START--
INFO: Run Behavior\ShowPageTraceBehavior [ RunTime:0.000317s ]
INFO: [ app_end ] --END-- [ RunTime:0.000333s ]

[ 2018-07-19T08:24:15+08:00 ] 123.139.72.110 /admin.php/Order/index.html
INFO: [ app_init ] --START--
INFO: Run Behavior\BuildLiteBehavior [ RunTime:0.000006s ]
INFO: [ app_init ] --END-- [ RunTime:0.000029s ]
INFO: [ app_begin ] --START--
INFO: Run Behavior\ReadHtmlCacheBehavior [ RunTime:0.000287s ]
INFO: [ app_begin ] --END-- [ RunTime:0.000307s ]
NOTIC: [2] Declaration of Admin\Controller\OrderController::show() should be compatible with Think\Controller::show($content, $charset = '', $contentType = '', $prefix = '') /home/wwwroot/test.xihuanmall.com/Application/Admin/Controller/OrderController.class.php 第 4 行.
SQL: SHOW COLUMNS FROM `tp_order` [ RunTime:0.0006s ]
SQL: SHOW COLUMNS FROM `tp_order_product` [ RunTime:0.0003s ]
NOTIC: [2] session_name(): Cannot change session name when session is active /home/wwwroot/test.xihuanmall.com/ThinkPHP/Common/functions.php 第 1238 行.
NOTIC: [2] ini_set(): A session is active. You cannot change the session module's ini settings at this time /home/wwwroot/test.xihuanmall.com/ThinkPHP/Common/functions.php 第 1242 行.
NOTIC: [2] ini_set(): A session is active. You cannot change the session module's ini settings at this time /home/wwwroot/test.xihuanmall.com/ThinkPHP/Common/functions.php 第 1243 行.
NOTIC: [8] session_start(): A session had already been started - ignoring /home/wwwroot/test.xihuanmall.com/ThinkPHP/Common/functions.php 第 1263 行.
SQL: SHOW COLUMNS FROM `tp_menu` [ RunTime:0.0003s ]
SQL: SELECT * FROM `tp_menu` ORDER BY step asc  [ RunTime:0.0001s ]
NOTIC: [8] Undefined index: pay_type /home/wwwroot/test.xihuanmall.com/Application/Admin/Controller/OrderController.class.php 第 25 行.
NOTIC: [8] Undefined index: pay_status /home/wwwroot/test.xihuanmall.com/Application/Admin/Controller/OrderController.class.php 第 26 行.
NOTIC: [8] Undefined index: start_time /home/wwwroot/test.xihuanmall.com/Application/Admin/Controller/OrderController.class.php 第 27 行.
NOTIC: [8] Undefined index: end_time /home/wwwroot/test.xihuanmall.com/Application/Admin/Controller/OrderController.class.php 第 28 行.
SQL: SELECT COUNT(*) AS tp_count FROM `tp_order` WHERE ( 1=1 AND del=0 ) LIMIT 1   [ RunTime:0.0000s ]
SQL: SELECT * FROM `tp_order` WHERE ( 1=1 AND del=0 ) ORDER BY id desc LIMIT 0,25   [ RunTime:0.0001s ]
SQL: SHOW COLUMNS FROM `tp_user` [ RunTime:0.0004s ]
SQL: SELECT `uname` FROM `tp_user` WHERE ( id=553 ) LIMIT 1   [ RunTime:0.0000s ]
SQL: SELECT `uname` FROM `tp_user` WHERE ( id=553 ) LIMIT 1   [ RunTime:0.0000s ]
SQL: SELECT `uname` FROM `tp_user` WHERE ( id=553 ) LIMIT 1   [ RunTime:0.0000s ]
SQL: SELECT `uname` FROM `tp_user` WHERE ( id=628 ) LIMIT 1   [ RunTime:0.0000s ]
SQL: SELECT `uname` FROM `tp_user` WHERE ( id=598 ) LIMIT 1   [ RunTime:0.0000s ]
SQL: SELECT `uname` FROM `tp_user` WHERE ( id=555 ) LIMIT 1   [ RunTime:0.0000s ]
SQL: SELECT `uname` FROM `tp_user` WHERE ( id=575 ) LIMIT 1   [ RunTime:0.0000s ]
SQL: SELECT `uname` FROM `tp_user` WHERE ( id=553 ) LIMIT 1   [ RunTime:0.0000s ]
SQL: SELECT `uname` FROM `tp_user` WHERE ( id=553 ) LIMIT 1   [ RunTime:0.0000s ]
SQL: SELECT `uname` FROM `tp_user` WHERE ( id=553 ) LIMIT 1   [ RunTime:0.0000s ]
SQL: SELECT `uname` FROM `tp_user` WHERE ( id=553 ) LIMIT 1   [ RunTime:0.0000s ]
SQL: SELECT `uname` FROM `tp_user` WHERE ( id=553 ) LIMIT 1   [ RunTime:0.0000s ]
SQL: SELECT `uname` FROM `tp_user` WHERE ( id=555 ) LIMIT 1   [ RunTime:0.0000s ]
SQL: SELECT `uname` FROM `tp_user` WHERE ( id=553 ) LIMIT 1   [ RunTime:0.0000s ]
SQL: SELECT `uname` FROM `tp_user` WHERE ( id=553 ) LIMIT 1   [ RunTime:0.0000s ]
SQL: SELECT `uname` FROM `tp_user` WHERE ( id=553 ) LIMIT 1   [ RunTime:0.0000s ]
SQL: SELECT `uname` FROM `tp_user` WHERE ( id=553 ) LIMIT 1   [ RunTime:0.0000s ]
SQL: SELECT `uname` FROM `tp_user` WHERE ( id=553 ) LIMIT 1   [ RunTime:0.0000s ]
SQL: SELECT `uname` FROM `tp_user` WHERE ( id=553 ) LIMIT 1   [ RunTime:0.0000s ]
SQL: SELECT `uname` FROM `tp_user` WHERE ( id=553 ) LIMIT 1   [ RunTime:0.0000s ]
SQL: SELECT `uname` FROM `tp_user` WHERE ( id=553 ) LIMIT 1   [ RunTime:0.0000s ]
SQL: SELECT `uname` FROM `tp_user` WHERE ( id=553 ) LIMIT 1   [ RunTime:0.0000s ]
SQL: SELECT `uname` FROM `tp_user` WHERE ( id=553 ) LIMIT 1   [ RunTime:0.0000s ]
SQL: SELECT `uname` FROM `tp_user` WHERE ( id=553 ) LIMIT 1   [ RunTime:0.0000s ]
SQL: SELECT `uname` FROM `tp_user` WHERE ( id=553 ) LIMIT 1   [ RunTime:0.0000s ]
NOTIC: [8] Undefined index: admininfo /home/wwwroot/test.xihuanmall.com/Application/Admin/Controller/OrderController.class.php 第 119 行.
INFO: [ view_parse ] --START--
INFO: [ template_filter ] --START--
INFO: Run Behavior\ContentReplaceBehavior [ RunTime:0.000052s ]
INFO: [ template_filter ] --END-- [ RunTime:0.000076s ]
NOTIC: [8] Undefined variable: pay_type /home/wwwroot/test.xihuanmall.com/Application/Runtime/Cache/Admin/18bc66a7b6334412ab8e61a2539ecfbd.php 第 42 行.
NOTIC: [8] Undefined variable: pay_type /home/wwwroot/test.xihuanmall.com/Application/Runtime/Cache/Admin/18bc66a7b6334412ab8e61a2539ecfbd.php 第 43 行.
NOTIC: [8] Undefined variable: pay_status /home/wwwroot/test.xihuanmall.com/Application/Runtime/Cache/Admin/18bc66a7b6334412ab8e61a2539ecfbd.php 第 52 行.
NOTIC: [8] Undefined variable: pay_status /home/wwwroot/test.xihuanmall.com/Application/Runtime/Cache/Admin/18bc66a7b6334412ab8e61a2539ecfbd.php 第 52 行.
NOTIC: [8] Undefined variable: pay_status /home/wwwroot/test.xihuanmall.com/Application/Runtime/Cache/Admin/18bc66a7b6334412ab8e61a2539ecfbd.php 第 52 行.
NOTIC: [8] Undefined variable: pay_status /home/wwwroot/test.xihuanmall.com/Application/Runtime/Cache/Admin/18bc66a7b6334412ab8e61a2539ecfbd.php 第 52 行.
NOTIC: [8] Undefined variable: pay_status /home/wwwroot/test.xihuanmall.com/Application/Runtime/Cache/Admin/18bc66a7b6334412ab8e61a2539ecfbd.php 第 52 行.
NOTIC: [8] Undefined variable: pay_status /home/wwwroot/test.xihuanmall.com/Application/Runtime/Cache/Admin/18bc66a7b6334412ab8e61a2539ecfbd.php 第 52 行.
NOTIC: [8] Undefined variable: pay_status /home/wwwroot/test.xihuanmall.com/Application/Runtime/Cache/Admin/18bc66a7b6334412ab8e61a2539ecfbd.php 第 54 行.
NOTIC: [8] Undefined variable: pay_status /home/wwwroot/test.xihuanmall.com/Application/Runtime/Cache/Admin/18bc66a7b6334412ab8e61a2539ecfbd.php 第 55 行.
NOTIC: [8] Undefined variable: start_time /home/wwwroot/test.xihuanmall.com/Application/Runtime/Cache/Admin/18bc66a7b6334412ab8e61a2539ecfbd.php 第 61 行.
NOTIC: [8] Undefined variable: end_time /home/wwwroot/test.xihuanmall.com/Application/Runtime/Cache/Admin/18bc66a7b6334412ab8e61a2539ecfbd.php 第 62 行.
NOTIC: [8] Undefined index: name /home/wwwroot/test.xihuanmall.com/Application/Runtime/Cache/Admin/18bc66a7b6334412ab8e61a2539ecfbd.php 第 88 行.
NOTIC: [8] Undefined index: name /home/wwwroot/test.xihuanmall.com/Application/Runtime/Cache/Admin/18bc66a7b6334412ab8e61a2539ecfbd.php 第 88 行.
NOTIC: [8] Undefined index: name /home/wwwroot/test.xihuanmall.com/Application/Runtime/Cache/Admin/18bc66a7b6334412ab8e61a2539ecfbd.php 第 88 行.
NOTIC: [8] Undefined index: name /home/wwwroot/test.xihuanmall.com/Application/Runtime/Cache/Admin/18bc66a7b6334412ab8e61a2539ecfbd.php 第 88 行.
NOTIC: [8] Undefined index: name /home/wwwroot/test.xihuanmall.com/Application/Runtime/Cache/Admin/18bc66a7b6334412ab8e61a2539ecfbd.php 第 88 行.
NOTIC: [8] Undefined index: name /home/wwwroot/test.xihuanmall.com/Application/Runtime/Cache/Admin/18bc66a7b6334412ab8e61a2539ecfbd.php 第 88 行.
NOTIC: [8] Undefined index: name /home/wwwroot/test.xihuanmall.com/Application/Runtime/Cache/Admin/18bc66a7b6334412ab8e61a2539ecfbd.php 第 88 行.
NOTIC: [8] Undefined index: name /home/wwwroot/test.xihuanmall.com/Application/Runtime/Cache/Admin/18bc66a7b6334412ab8e61a2539ecfbd.php 第 88 行.
NOTIC: [8] Undefined index: name /home/wwwroot/test.xihuanmall.com/Application/Runtime/Cache/Admin/18bc66a7b6334412ab8e61a2539ecfbd.php 第 88 行.
NOTIC: [8] Undefined index: name /home/wwwroot/test.xihuanmall.com/Application/Runtime/Cache/Admin/18bc66a7b6334412ab8e61a2539ecfbd.php 第 88 行.
NOTIC: [8] Undefined index: name /home/wwwroot/test.xihuanmall.com/Application/Runtime/Cache/Admin/18bc66a7b6334412ab8e61a2539ecfbd.php 第 88 行.
NOTIC: [8] Undefined index: name /home/wwwroot/test.xihuanmall.com/Application/Runtime/Cache/Admin/18bc66a7b6334412ab8e61a2539ecfbd.php 第 88 行.
NOTIC: [8] Undefined index: name /home/wwwroot/test.xihuanmall.com/Application/Runtime/Cache/Admin/18bc66a7b6334412ab8e61a2539ecfbd.php 第 88 行.
NOTIC: [8] Undefined index: name /home/wwwroot/test.xihuanmall.com/Application/Runtime/Cache/Admin/18bc66a7b6334412ab8e61a2539ecfbd.php 第 88 行.
NOTIC: [8] Undefined index: name /home/wwwroot/test.xihuanmall.com/Application/Runtime/Cache/Admin/18bc66a7b6334412ab8e61a2539ecfbd.php 第 88 行.
NOTIC: [8] Undefined index: name /home/wwwroot/test.xihuanmall.com/Application/Runtime/Cache/Admin/18bc66a7b6334412ab8e61a2539ecfbd.php 第 88 行.
NOTIC: [8] Undefined index: name /home/wwwroot/test.xihuanmall.com/Application/Runtime/Cache/Admin/18bc66a7b6334412ab8e61a2539ecfbd.php 第 88 行.
NOTIC: [8] Undefined index: name /home/wwwroot/test.xihuanmall.com/Application/Runtime/Cache/Admin/18bc66a7b6334412ab8e61a2539ecfbd.php 第 88 行.
NOTIC: [8] Undefined index: name /home/wwwroot/test.xihuanmall.com/Application/Runtime/Cache/Admin/18bc66a7b6334412ab8e61a2539ecfbd.php 第 88 行.
NOTIC: [8] Undefined index: name /home/wwwroot/test.xihuanmall.com/Application/Runtime/Cache/Admin/18bc66a7b6334412ab8e61a2539ecfbd.php 第 88 行.
NOTIC: [8] Undefined index: name /home/wwwroot/test.xihuanmall.com/Application/Runtime/Cache/Admin/18bc66a7b6334412ab8e61a2539ecfbd.php 第 88 行.
NOTIC: [8] Undefined index: name /home/wwwroot/test.xihuanmall.com/Application/Runtime/Cache/Admin/18bc66a7b6334412ab8e61a2539ecfbd.php 第 88 行.
NOTIC: [8] Undefined index: name /home/wwwroot/test.xihuanmall.com/Application/Runtime/Cache/Admin/18bc66a7b6334412ab8e61a2539ecfbd.php 第 88 行.
NOTIC: [8] Undefined index: name /home/wwwroot/test.xihuanmall.com/Application/Runtime/Cache/Admin/18bc66a7b6334412ab8e61a2539ecfbd.php 第 88 行.
NOTIC: [8] Undefined index: name /home/wwwroot/test.xihuanmall.com/Application/Runtime/Cache/Admin/18bc66a7b6334412ab8e61a2539ecfbd.php 第 88 行.
INFO: Run Behavior\ParseTemplateBehavior [ RunTime:0.004165s ]
INFO: [ view_parse ] --END-- [ RunTime:0.004181s ]
INFO: [ view_filter ] --START--
INFO: Run Behavior\WriteHtmlCacheBehavior [ RunTime:0.000118s ]
INFO: [ view_filter ] --END-- [ RunTime:0.000133s ]
INFO: [ app_end ] --START--
INFO: Run Behavior\ShowPageTraceBehavior [ RunTime:0.000329s ]
INFO: [ app_end ] --END-- [ RunTime:0.000345s ]

[ 2018-07-19T08:24:19+08:00 ] 123.139.72.110 /admin.php/Order/show.html?oid=79
INFO: [ app_init ] --START--
INFO: Run Behavior\BuildLiteBehavior [ RunTime:0.000006s ]
INFO: [ app_init ] --END-- [ RunTime:0.000031s ]
INFO: [ app_begin ] --START--
INFO: Run Behavior\ReadHtmlCacheBehavior [ RunTime:0.000289s ]
INFO: [ app_begin ] --END-- [ RunTime:0.000307s ]
NOTIC: [2] Declaration of Admin\Controller\OrderController::show() should be compatible with Think\Controller::show($content, $charset = '', $contentType = '', $prefix = '') /home/wwwroot/test.xihuanmall.com/Application/Admin/Controller/OrderController.class.php 第 4 行.
SQL: SHOW COLUMNS FROM `tp_order` [ RunTime:0.0008s ]
SQL: SHOW COLUMNS FROM `tp_order_product` [ RunTime:0.0005s ]
NOTIC: [2] session_name(): Cannot change session name when session is active /home/wwwroot/test.xihuanmall.com/ThinkPHP/Common/functions.php 第 1238 行.
NOTIC: [2] ini_set(): A session is active. You cannot change the session module's ini settings at this time /home/wwwroot/test.xihuanmall.com/ThinkPHP/Common/functions.php 第 1242 行.
NOTIC: [2] ini_set(): A session is active. You cannot change the session module's ini settings at this time /home/wwwroot/test.xihuanmall.com/ThinkPHP/Common/functions.php 第 1243 行.
NOTIC: [8] session_start(): A session had already been started - ignoring /home/wwwroot/test.xihuanmall.com/ThinkPHP/Common/functions.php 第 1263 行.
SQL: SHOW COLUMNS FROM `tp_menu` [ RunTime:0.0005s ]
SQL: SELECT * FROM `tp_menu` ORDER BY step asc  [ RunTime:0.0001s ]
SQL: SELECT * FROM `tp_order` WHERE ( id=79 ) LIMIT 1   [ RunTime:0.0001s ]
SQL: SELECT * FROM `tp_order_product` WHERE ( order_id=79 )  [ RunTime:0.0001s ]
SQL: SHOW COLUMNS FROM `tp_post` [ RunTime:0.0004s ]
SQL: SELECT `id`,`name` FROM `tp_post` WHERE ( 1=1 )  [ RunTime:0.0000s ]
INFO: [ view_parse ] --START--
INFO: [ template_filter ] --START--
INFO: Run Behavior\ContentReplaceBehavior [ RunTime:0.000070s ]
INFO: [ template_filter ] --END-- [ RunTime:0.000098s ]
INFO: Run Behavior\ParseTemplateBehavior [ RunTime:0.005428s ]
INFO: [ view_parse ] --END-- [ RunTime:0.005448s ]
INFO: [ view_filter ] --START--
INFO: Run Behavior\WriteHtmlCacheBehavior [ RunTime:0.000155s ]
INFO: [ view_filter ] --END-- [ RunTime:0.000171s ]
INFO: [ app_end ] --START--
INFO: Run Behavior\ShowPageTraceBehavior [ RunTime:0.000406s ]
INFO: [ app_end ] --END-- [ RunTime:0.000427s ]

[ 2018-07-19T19:56:47+08:00 ] 111.201.247.216 /admin.php/Index/welcome.html
INFO: [ app_init ] --START--
INFO: Run Behavior\BuildLiteBehavior [ RunTime:0.000007s ]
INFO: [ app_init ] --END-- [ RunTime:0.000031s ]
INFO: [ app_begin ] --START--
INFO: Run Behavior\ReadHtmlCacheBehavior [ RunTime:0.000279s ]
INFO: [ app_begin ] --END-- [ RunTime:0.000298s ]
NOTIC: [2] session_name(): Cannot change session name when session is active /home/wwwroot/test.xihuanmall.com/ThinkPHP/Common/functions.php 第 1238 行.
NOTIC: [2] ini_set(): A session is active. You cannot change the session module's ini settings at this time /home/wwwroot/test.xihuanmall.com/ThinkPHP/Common/functions.php 第 1242 行.
NOTIC: [2] ini_set(): A session is active. You cannot change the session module's ini settings at this time /home/wwwroot/test.xihuanmall.com/ThinkPHP/Common/functions.php 第 1243 行.
NOTIC: [8] session_start(): A session had already been started - ignoring /home/wwwroot/test.xihuanmall.com/ThinkPHP/Common/functions.php 第 1263 行.
SQL: SHOW COLUMNS FROM `tp_menu` [ RunTime:0.0005s ]
SQL: SELECT * FROM `tp_menu` ORDER BY step asc  [ RunTime:0.0001s ]
INFO: [ app_end ] --START--
INFO: Run Behavior\ShowPageTraceBehavior [ RunTime:0.000339s ]
INFO: [ app_end ] --END-- [ RunTime:0.000358s ]

[ 2018-07-19T19:57:13+08:00 ] 111.201.247.216 /admin.php/Index/index.html
INFO: [ app_init ] --START--
INFO: Run Behavior\BuildLiteBehavior [ RunTime:0.000006s ]
INFO: [ app_init ] --END-- [ RunTime:0.000028s ]
INFO: [ app_begin ] --START--
INFO: Run Behavior\ReadHtmlCacheBehavior [ RunTime:0.000289s ]
INFO: [ app_begin ] --END-- [ RunTime:0.000308s ]
NOTIC: [2] session_name(): Cannot change session name when session is active /home/wwwroot/test.xihuanmall.com/ThinkPHP/Common/functions.php 第 1238 行.
NOTIC: [2] ini_set(): A session is active. You cannot change the session module's ini settings at this time /home/wwwroot/test.xihuanmall.com/ThinkPHP/Common/functions.php 第 1242 行.
NOTIC: [2] ini_set(): A session is active. You cannot change the session module's ini settings at this time /home/wwwroot/test.xihuanmall.com/ThinkPHP/Common/functions.php 第 1243 行.
NOTIC: [8] session_start(): A session had already been started - ignoring /home/wwwroot/test.xihuanmall.com/ThinkPHP/Common/functions.php 第 1263 行.
SQL: SHOW COLUMNS FROM `tp_menu` [ RunTime:0.0005s ]
SQL: SELECT * FROM `tp_menu` ORDER BY step asc  [ RunTime:0.0001s ]
INFO: [ view_parse ] --START--
INFO: [ template_filter ] --START--
INFO: Run Behavior\ContentReplaceBehavior [ RunTime:0.000040s ]
INFO: [ template_filter ] --END-- [ RunTime:0.000067s ]
INFO: Run Behavior\ParseTemplateBehavior [ RunTime:0.003900s ]
INFO: [ view_parse ] --END-- [ RunTime:0.003921s ]
INFO: [ view_filter ] --START--
INFO: Run Behavior\WriteHtmlCacheBehavior [ RunTime:0.000121s ]
INFO: [ view_filter ] --END-- [ RunTime:0.000134s ]
INFO: [ app_end ] --START--
INFO: Run Behavior\ShowPageTraceBehavior [ RunTime:0.000345s ]
INFO: [ app_end ] --END-- [ RunTime:0.000361s ]

[ 2018-07-19T19:57:13+08:00 ] 111.201.247.216 /admin.php/Index/welcome.html
INFO: [ app_init ] --START--
INFO: Run Behavior\BuildLiteBehavior [ RunTime:0.000005s ]
INFO: [ app_init ] --END-- [ RunTime:0.000027s ]
INFO: [ app_begin ] --START--
INFO: Run Behavior\ReadHtmlCacheBehavior [ RunTime:0.000287s ]
INFO: [ app_begin ] --END-- [ RunTime:0.000308s ]
NOTIC: [2] session_name(): Cannot change session name when session is active /home/wwwroot/test.xihuanmall.com/ThinkPHP/Common/functions.php 第 1238 行.
NOTIC: [2] ini_set(): A session is active. You cannot change the session module's ini settings at this time /home/wwwroot/test.xihuanmall.com/ThinkPHP/Common/functions.php 第 1242 行.
NOTIC: [2] ini_set(): A session is active. You cannot change the session module's ini settings at this time /home/wwwroot/test.xihuanmall.com/ThinkPHP/Common/functions.php 第 1243 行.
NOTIC: [8] session_start(): A session had already been started - ignoring /home/wwwroot/test.xihuanmall.com/ThinkPHP/Common/functions.php 第 1263 行.
SQL: SHOW COLUMNS FROM `tp_menu` [ RunTime:0.0007s ]
SQL: SELECT * FROM `tp_menu` ORDER BY step asc  [ RunTime:0.0001s ]
INFO: [ app_end ] --START--
INFO: Run Behavior\ShowPageTraceBehavior [ RunTime:0.000495s ]
INFO: [ app_end ] --END-- [ RunTime:0.000521s ]

[ 2018-07-19T19:57:17+08:00 ] 111.201.247.216 /admin.php/Order/index.html
INFO: [ app_init ] --START--
INFO: Run Behavior\BuildLiteBehavior [ RunTime:0.000008s ]
INFO: [ app_init ] --END-- [ RunTime:0.000040s ]
INFO: [ app_begin ] --START--
INFO: Run Behavior\ReadHtmlCacheBehavior [ RunTime:0.000408s ]
INFO: [ app_begin ] --END-- [ RunTime:0.000443s ]
NOTIC: [2] Declaration of Admin\Controller\OrderController::show() should be compatible with Think\Controller::show($content, $charset = '', $contentType = '', $prefix = '') /home/wwwroot/test.xihuanmall.com/Application/Admin/Controller/OrderController.class.php 第 4 行.
SQL: SHOW COLUMNS FROM `tp_order` [ RunTime:0.0009s ]
SQL: SHOW COLUMNS FROM `tp_order_product` [ RunTime:0.0005s ]
NOTIC: [2] session_name(): Cannot change session name when session is active /home/wwwroot/test.xihuanmall.com/ThinkPHP/Common/functions.php 第 1238 行.
NOTIC: [2] ini_set(): A session is active. You cannot change the session module's ini settings at this time /home/wwwroot/test.xihuanmall.com/ThinkPHP/Common/functions.php 第 1242 行.
NOTIC: [2] ini_set(): A session is active. You cannot change the session module's ini settings at this time /home/wwwroot/test.xihuanmall.com/ThinkPHP/Common/functions.php 第 1243 行.
NOTIC: [8] session_start(): A session had already been started - ignoring /home/wwwroot/test.xihuanmall.com/ThinkPHP/Common/functions.php 第 1263 行.
SQL: SHOW COLUMNS FROM `tp_menu` [ RunTime:0.0006s ]
SQL: SELECT * FROM `tp_menu` ORDER BY step asc  [ RunTime:0.0001s ]
NOTIC: [8] Undefined index: pay_type /home/wwwroot/test.xihuanmall.com/Application/Admin/Controller/OrderController.class.php 第 25 行.
NOTIC: [8] Undefined index: pay_status /home/wwwroot/test.xihuanmall.com/Application/Admin/Controller/OrderController.class.php 第 26 行.
NOTIC: [8] Undefined index: start_time /home/wwwroot/test.xihuanmall.com/Application/Admin/Controller/OrderController.class.php 第 27 行.
NOTIC: [8] Undefined index: end_time /home/wwwroot/test.xihuanmall.com/Application/Admin/Controller/OrderController.class.php 第 28 行.
SQL: SELECT COUNT(*) AS tp_count FROM `tp_order` WHERE ( 1=1 AND del=0 ) LIMIT 1   [ RunTime:0.0001s ]
SQL: SELECT * FROM `tp_order` WHERE ( 1=1 AND del=0 ) ORDER BY id desc LIMIT 0,25   [ RunTime:0.0002s ]
SQL: SHOW COLUMNS FROM `tp_user` [ RunTime:0.0006s ]
SQL: SELECT `uname` FROM `tp_user` WHERE ( id=553 ) LIMIT 1   [ RunTime:0.0002s ]
SQL: SELECT `uname` FROM `tp_user` WHERE ( id=553 ) LIMIT 1   [ RunTime:0.0001s ]
SQL: SELECT `uname` FROM `tp_user` WHERE ( id=553 ) LIMIT 1   [ RunTime:0.0002s ]
SQL: SELECT `uname` FROM `tp_user` WHERE ( id=628 ) LIMIT 1   [ RunTime:0.0002s ]
SQL: SELECT `uname` FROM `tp_user` WHERE ( id=598 ) LIMIT 1   [ RunTime:0.0001s ]
SQL: SELECT `uname` FROM `tp_user` WHERE ( id=555 ) LIMIT 1   [ RunTime:0.0001s ]
SQL: SELECT `uname` FROM `tp_user` WHERE ( id=575 ) LIMIT 1   [ RunTime:0.0002s ]
SQL: SELECT `uname` FROM `tp_user` WHERE ( id=553 ) LIMIT 1   [ RunTime:0.0001s ]
SQL: SELECT `uname` FROM `tp_user` WHERE ( id=553 ) LIMIT 1   [ RunTime:0.0000s ]
SQL: SELECT `uname` FROM `tp_user` WHERE ( id=553 ) LIMIT 1   [ RunTime:0.0000s ]
SQL: SELECT `uname` FROM `tp_user` WHERE ( id=553 ) LIMIT 1   [ RunTime:0.0001s ]
SQL: SELECT `uname` FROM `tp_user` WHERE ( id=553 ) LIMIT 1   [ RunTime:0.0000s ]
SQL: SELECT `uname` FROM `tp_user` WHERE ( id=555 ) LIMIT 1   [ RunTime:0.0000s ]
SQL: SELECT `uname` FROM `tp_user` WHERE ( id=553 ) LIMIT 1   [ RunTime:0.0000s ]
SQL: SELECT `uname` FROM `tp_user` WHERE ( id=553 ) LIMIT 1   [ RunTime:0.0001s ]
SQL: SELECT `uname` FROM `tp_user` WHERE ( id=553 ) LIMIT 1   [ RunTime:0.0000s ]
SQL: SELECT `uname` FROM `tp_user` WHERE ( id=553 ) LIMIT 1   [ RunTime:0.0000s ]
SQL: SELECT `uname` FROM `tp_user` WHERE ( id=553 ) LIMIT 1   [ RunTime:0.0000s ]
SQL: SELECT `uname` FROM `tp_user` WHERE ( id=553 ) LIMIT 1   [ RunTime:0.0000s ]
SQL: SELECT `uname` FROM `tp_user` WHERE ( id=553 ) LIMIT 1   [ RunTime:0.0000s ]
SQL: SELECT `uname` FROM `tp_user` WHERE ( id=553 ) LIMIT 1   [ RunTime:0.0000s ]
SQL: SELECT `uname` FROM `tp_user` WHERE ( id=553 ) LIMIT 1   [ RunTime:0.0001s ]
SQL: SELECT `uname` FROM `tp_user` WHERE ( id=553 ) LIMIT 1   [ RunTime:0.0000s ]
SQL: SELECT `uname` FROM `tp_user` WHERE ( id=553 ) LIMIT 1   [ RunTime:0.0000s ]
SQL: SELECT `uname` FROM `tp_user` WHERE ( id=553 ) LIMIT 1   [ RunTime:0.0000s ]
NOTIC: [8] Undefined index: admininfo /home/wwwroot/test.xihuanmall.com/Application/Admin/Controller/OrderController.class.php 第 119 行.
INFO: [ view_parse ] --START--
INFO: [ template_filter ] --START--
INFO: Run Behavior\ContentReplaceBehavior [ RunTime:0.000049s ]
INFO: [ template_filter ] --END-- [ RunTime:0.000074s ]
NOTIC: [8] Undefined variable: pay_type /home/wwwroot/test.xihuanmall.com/Application/Runtime/Cache/Admin/18bc66a7b6334412ab8e61a2539ecfbd.php 第 42 行.
NOTIC: [8] Undefined variable: pay_type /home/wwwroot/test.xihuanmall.com/Application/Runtime/Cache/Admin/18bc66a7b6334412ab8e61a2539ecfbd.php 第 43 行.
NOTIC: [8] Undefined variable: pay_status /home/wwwroot/test.xihuanmall.com/Application/Runtime/Cache/Admin/18bc66a7b6334412ab8e61a2539ecfbd.php 第 52 行.
NOTIC: [8] Undefined variable: pay_status /home/wwwroot/test.xihuanmall.com/Application/Runtime/Cache/Admin/18bc66a7b6334412ab8e61a2539ecfbd.php 第 52 行.
NOTIC: [8] Undefined variable: pay_status /home/wwwroot/test.xihuanmall.com/Application/Runtime/Cache/Admin/18bc66a7b6334412ab8e61a2539ecfbd.php 第 52 行.
NOTIC: [8] Undefined variable: pay_status /home/wwwroot/test.xihuanmall.com/Application/Runtime/Cache/Admin/18bc66a7b6334412ab8e61a2539ecfbd.php 第 52 行.
NOTIC: [8] Undefined variable: pay_status /home/wwwroot/test.xihuanmall.com/Application/Runtime/Cache/Admin/18bc66a7b6334412ab8e61a2539ecfbd.php 第 52 行.
NOTIC: [8] Undefined variable: pay_status /home/wwwroot/test.xihuanmall.com/Application/Runtime/Cache/Admin/18bc66a7b6334412ab8e61a2539ecfbd.php 第 52 行.
NOTIC: [8] Undefined variable: pay_status /home/wwwroot/test.xihuanmall.com/Application/Runtime/Cache/Admin/18bc66a7b6334412ab8e61a2539ecfbd.php 第 54 行.
NOTIC: [8] Undefined variable: pay_status /home/wwwroot/test.xihuanmall.com/Application/Runtime/Cache/Admin/18bc66a7b6334412ab8e61a2539ecfbd.php 第 55 行.
NOTIC: [8] Undefined variable: start_time /home/wwwroot/test.xihuanmall.com/Application/Runtime/Cache/Admin/18bc66a7b6334412ab8e61a2539ecfbd.php 第 61 行.
NOTIC: [8] Undefined variable: end_time /home/wwwroot/test.xihuanmall.com/Application/Runtime/Cache/Admin/18bc66a7b6334412ab8e61a2539ecfbd.php 第 62 行.
NOTIC: [8] Undefined index: name /home/wwwroot/test.xihuanmall.com/Application/Runtime/Cache/Admin/18bc66a7b6334412ab8e61a2539ecfbd.php 第 88 行.
NOTIC: [8] Undefined index: name /home/wwwroot/test.xihuanmall.com/Application/Runtime/Cache/Admin/18bc66a7b6334412ab8e61a2539ecfbd.php 第 88 行.
NOTIC: [8] Undefined index: name /home/wwwroot/test.xihuanmall.com/Application/Runtime/Cache/Admin/18bc66a7b6334412ab8e61a2539ecfbd.php 第 88 行.
NOTIC: [8] Undefined index: name /home/wwwroot/test.xihuanmall.com/Application/Runtime/Cache/Admin/18bc66a7b6334412ab8e61a2539ecfbd.php 第 88 行.
NOTIC: [8] Undefined index: name /home/wwwroot/test.xihuanmall.com/Application/Runtime/Cache/Admin/18bc66a7b6334412ab8e61a2539ecfbd.php 第 88 行.
NOTIC: [8] Undefined index: name /home/wwwroot/test.xihuanmall.com/Application/Runtime/Cache/Admin/18bc66a7b6334412ab8e61a2539ecfbd.php 第 88 行.
NOTIC: [8] Undefined index: name /home/wwwroot/test.xihuanmall.com/Application/Runtime/Cache/Admin/18bc66a7b6334412ab8e61a2539ecfbd.php 第 88 行.
NOTIC: [8] Undefined index: name /home/wwwroot/test.xihuanmall.com/Application/Runtime/Cache/Admin/18bc66a7b6334412ab8e61a2539ecfbd.php 第 88 行.
NOTIC: [8] Undefined index: name /home/wwwroot/test.xihuanmall.com/Application/Runtime/Cache/Admin/18bc66a7b6334412ab8e61a2539ecfbd.php 第 88 行.
NOTIC: [8] Undefined index: name /home/wwwroot/test.xihuanmall.com/Application/Runtime/Cache/Admin/18bc66a7b6334412ab8e61a2539ecfbd.php 第 88 行.
NOTIC: [8] Undefined index: name /home/wwwroot/test.xihuanmall.com/Application/Runtime/Cache/Admin/18bc66a7b6334412ab8e61a2539ecfbd.php 第 88 行.
NOTIC: [8] Undefined index: name /home/wwwroot/test.xihuanmall.com/Application/Runtime/Cache/Admin/18bc66a7b6334412ab8e61a2539ecfbd.php 第 88 行.
NOTIC: [8] Undefined index: name /home/wwwroot/test.xihuanmall.com/Application/Runtime/Cache/Admin/18bc66a7b6334412ab8e61a2539ecfbd.php 第 88 行.
NOTIC: [8] Undefined index: name /home/wwwroot/test.xihuanmall.com/Application/Runtime/Cache/Admin/18bc66a7b6334412ab8e61a2539ecfbd.php 第 88 行.
NOTIC: [8] Undefined index: name /home/wwwroot/test.xihuanmall.com/Application/Runtime/Cache/Admin/18bc66a7b6334412ab8e61a2539ecfbd.php 第 88 行.
NOTIC: [8] Undefined index: name /home/wwwroot/test.xihuanmall.com/Application/Runtime/Cache/Admin/18bc66a7b6334412ab8e61a2539ecfbd.php 第 88 行.
NOTIC: [8] Undefined index: name /home/wwwroot/test.xihuanmall.com/Application/Runtime/Cache/Admin/18bc66a7b6334412ab8e61a2539ecfbd.php 第 88 行.
NOTIC: [8] Undefined index: name /home/wwwroot/test.xihuanmall.com/Application/Runtime/Cache/Admin/18bc66a7b6334412ab8e61a2539ecfbd.php 第 88 行.
NOTIC: [8] Undefined index: name /home/wwwroot/test.xihuanmall.com/Application/Runtime/Cache/Admin/18bc66a7b6334412ab8e61a2539ecfbd.php 第 88 行.
NOTIC: [8] Undefined index: name /home/wwwroot/test.xihuanmall.com/Application/Runtime/Cache/Admin/18bc66a7b6334412ab8e61a2539ecfbd.php 第 88 行.
NOTIC: [8] Undefined index: name /home/wwwroot/test.xihuanmall.com/Application/Runtime/Cache/Admin/18bc66a7b6334412ab8e61a2539ecfbd.php 第 88 行.
NOTIC: [8] Undefined index: name /home/wwwroot/test.xihuanmall.com/Application/Runtime/Cache/Admin/18bc66a7b6334412ab8e61a2539ecfbd.php 第 88 行.
NOTIC: [8] Undefined index: name /home/wwwroot/test.xihuanmall.com/Application/Runtime/Cache/Admin/18bc66a7b6334412ab8e61a2539ecfbd.php 第 88 行.
NOTIC: [8] Undefined index: name /home/wwwroot/test.xihuanmall.com/Application/Runtime/Cache/Admin/18bc66a7b6334412ab8e61a2539ecfbd.php 第 88 行.
NOTIC: [8] Undefined index: name /home/wwwroot/test.xihuanmall.com/Application/Runtime/Cache/Admin/18bc66a7b6334412ab8e61a2539ecfbd.php 第 88 行.
INFO: Run Behavior\ParseTemplateBehavior [ RunTime:0.004892s ]
INFO: [ view_parse ] --END-- [ RunTime:0.004910s ]
INFO: [ view_filter ] --START--
INFO: Run Behavior\WriteHtmlCacheBehavior [ RunTime:0.000123s ]
INFO: [ view_filter ] --END-- [ RunTime:0.000135s ]
INFO: [ app_end ] --START--
INFO: Run Behavior\ShowPageTraceBehavior [ RunTime:0.000310s ]
INFO: [ app_end ] --END-- [ RunTime:0.000326s ]

[ 2018-07-19T19:57:28+08:00 ] 111.201.247.216 /admin.php/User/userList.html
INFO: [ app_init ] --START--
INFO: Run Behavior\BuildLiteBehavior [ RunTime:0.000006s ]
INFO: [ app_init ] --END-- [ RunTime:0.000030s ]
INFO: [ app_begin ] --START--
INFO: Run Behavior\ReadHtmlCacheBehavior [ RunTime:0.000262s ]
INFO: [ app_begin ] --END-- [ RunTime:0.000281s ]
NOTIC: [2] Declaration of Admin\Controller\UserController::show() should be compatible with Think\Controller::show($content, $charset = '', $contentType = '', $prefix = '') /home/wwwroot/test.xihuanmall.com/Application/Admin/Controller/UserController.class.php 第 14 行.
SQL: SHOW COLUMNS FROM `tp_order` [ RunTime:0.0034s ]
SQL: SHOW COLUMNS FROM `tp_order_product` [ RunTime:0.0004s ]
SQL: SHOW COLUMNS FROM `tp_user` [ RunTime:0.0004s ]
NOTIC: [2] session_name(): Cannot change session name when session is active /home/wwwroot/test.xihuanmall.com/ThinkPHP/Common/functions.php 第 1238 行.
NOTIC: [2] ini_set(): A session is active. You cannot change the session module's ini settings at this time /home/wwwroot/test.xihuanmall.com/ThinkPHP/Common/functions.php 第 1242 行.
NOTIC: [2] ini_set(): A session is active. You cannot change the session module's ini settings at this time /home/wwwroot/test.xihuanmall.com/ThinkPHP/Common/functions.php 第 1243 行.
NOTIC: [8] session_start(): A session had already been started - ignoring /home/wwwroot/test.xihuanmall.com/ThinkPHP/Common/functions.php 第 1263 行.
SQL: SHOW COLUMNS FROM `tp_menu` [ RunTime:0.0003s ]
SQL: SELECT * FROM `tp_menu` ORDER BY step asc  [ RunTime:0.0001s ]
NOTIC: [8] Undefined index: type /home/wwwroot/test.xihuanmall.com/Application/Admin/Controller/UserController.class.php 第 74 行.
NOTIC: [8] Undefined index: id /home/wwwroot/test.xihuanmall.com/Application/Admin/Controller/UserController.class.php 第 75 行.
NOTIC: [8] Undefined index: tel /home/wwwroot/test.xihuanmall.com/Application/Admin/Controller/UserController.class.php 第 76 行.
NOTIC: [8] Undefined index: name /home/wwwroot/test.xihuanmall.com/Application/Admin/Controller/UserController.class.php 第 77 行.
NOTIC: [8] Undefined index: name /home/wwwroot/test.xihuanmall.com/Application/Admin/Controller/UserController.class.php 第 79 行.
SQL: SHOW COLUMNS FROM `tp_user` [ RunTime:0.0004s ]
SQL: SELECT COUNT(*) AS tp_count FROM `tp_user` WHERE ( 1=1 ) LIMIT 1   [ RunTime:0.0001s ]
NOTIC: [8] Undefined index: page /home/wwwroot/test.xihuanmall.com/Application/Admin/Controller/UserController.class.php 第 89 行.
SQL: SELECT * FROM `tp_user` WHERE ( 1=1 ) ORDER BY id desc LIMIT 0,5   [ RunTime:0.0002s ]
INFO: [ view_parse ] --START--
INFO: [ template_filter ] --START--
INFO: Run Behavior\ContentReplaceBehavior [ RunTime:0.000044s ]
INFO: [ template_filter ] --END-- [ RunTime:0.000064s ]
INFO: Run Behavior\ParseTemplateBehavior [ RunTime:0.003617s ]
INFO: [ view_parse ] --END-- [ RunTime:0.003634s ]
INFO: [ view_filter ] --START--
INFO: Run Behavior\WriteHtmlCacheBehavior [ RunTime:0.000112s ]
INFO: [ view_filter ] --END-- [ RunTime:0.000125s ]
INFO: [ app_end ] --START--
INFO: Run Behavior\ShowPageTraceBehavior [ RunTime:0.000309s ]
INFO: [ app_end ] --END-- [ RunTime:0.000324s ]

[ 2018-07-19T19:57:28+08:00 ] 111.201.247.216 /admin.php/User/undefined
INFO: [ app_init ] --START--
INFO: Run Behavior\BuildLiteBehavior [ RunTime:0.000007s ]
INFO: [ app_init ] --END-- [ RunTime:0.000032s ]
INFO: [ app_begin ] --START--
INFO: Run Behavior\ReadHtmlCacheBehavior [ RunTime:0.000410s ]
INFO: [ app_begin ] --END-- [ RunTime:0.000432s ]
NOTIC: [2] Declaration of Admin\Controller\UserController::show() should be compatible with Think\Controller::show($content, $charset = '', $contentType = '', $prefix = '') /home/wwwroot/test.xihuanmall.com/Application/Admin/Controller/UserController.class.php 第 14 行.
SQL: SHOW COLUMNS FROM `tp_order` [ RunTime:0.0008s ]
SQL: SHOW COLUMNS FROM `tp_order_product` [ RunTime:0.0005s ]
SQL: SHOW COLUMNS FROM `tp_user` [ RunTime:0.0004s ]
NOTIC: [2] session_name(): Cannot change session name when session is active /home/wwwroot/test.xihuanmall.com/ThinkPHP/Common/functions.php 第 1238 行.
NOTIC: [2] ini_set(): A session is active. You cannot change the session module's ini settings at this time /home/wwwroot/test.xihuanmall.com/ThinkPHP/Common/functions.php 第 1242 行.
NOTIC: [2] ini_set(): A session is active. You cannot change the session module's ini settings at this time /home/wwwroot/test.xihuanmall.com/ThinkPHP/Common/functions.php 第 1243 行.
NOTIC: [8] session_start(): A session had already been started - ignoring /home/wwwroot/test.xihuanmall.com/ThinkPHP/Common/functions.php 第 1263 行.
SQL: SHOW COLUMNS FROM `tp_menu` [ RunTime:0.0004s ]
SQL: SELECT * FROM `tp_menu` ORDER BY step asc  [ RunTime:0.0001s ]
ERR: 非法操作:undefined

[ 2018-07-19T19:57:38+08:00 ] 111.201.247.216 /admin.php/Statistics/user_count.html
INFO: [ app_init ] --START--
INFO: Run Behavior\BuildLiteBehavior [ RunTime:0.000007s ]
INFO: [ app_init ] --END-- [ RunTime:0.000029s ]
INFO: [ app_begin ] --START--
INFO: Run Behavior\ReadHtmlCacheBehavior [ RunTime:0.000258s ]
INFO: [ app_begin ] --END-- [ RunTime:0.000276s ]
SQL: SHOW COLUMNS FROM `tp_order` [ RunTime:0.0006s ]
SQL: SHOW COLUMNS FROM `tp_order_product` [ RunTime:0.0003s ]
SQL: SHOW COLUMNS FROM `tp_user` [ RunTime:0.0003s ]
NOTIC: [2] session_name(): Cannot change session name when session is active /home/wwwroot/test.xihuanmall.com/ThinkPHP/Common/functions.php 第 1238 行.
NOTIC: [2] ini_set(): A session is active. You cannot change the session module's ini settings at this time /home/wwwroot/test.xihuanmall.com/ThinkPHP/Common/functions.php 第 1242 行.
NOTIC: [2] ini_set(): A session is active. You cannot change the session module's ini settings at this time /home/wwwroot/test.xihuanmall.com/ThinkPHP/Common/functions.php 第 1243 行.
NOTIC: [8] session_start(): A session had already been started - ignoring /home/wwwroot/test.xihuanmall.com/ThinkPHP/Common/functions.php 第 1263 行.
SQL: SHOW COLUMNS FROM `tp_menu` [ RunTime:0.0004s ]
SQL: SELECT * FROM `tp_menu` ORDER BY step asc  [ RunTime:0.0001s ]
NOTIC: [8] Undefined index: type /home/wwwroot/test.xihuanmall.com/Application/Admin/Controller/StatisticsController.class.php 第 25 行.
NOTIC: [8] Undefined variable: day_String /home/wwwroot/test.xihuanmall.com/Application/Admin/Controller/StatisticsController.class.php 第 39 行.
SQL: SELECT COUNT(id) AS tp_count FROM `tp_user` WHERE ( 1=1 AND addtime>1530979200 AND addtime<1531065600 ) LIMIT 1   [ RunTime:0.0004s ]
NOTIC: [8] Undefined variable: data1 /home/wwwroot/test.xihuanmall.com/Application/Admin/Controller/StatisticsController.class.php 第 44 行.
SQL: SELECT COUNT(id) AS tp_count FROM `tp_user` WHERE ( 1=1 AND addtime>1531065600 AND addtime<1531152000 ) LIMIT 1   [ RunTime:0.0003s ]
SQL: SELECT COUNT(id) AS tp_count FROM `tp_user` WHERE ( 1=1 AND addtime>1531152000 AND addtime<1531238400 ) LIMIT 1   [ RunTime:0.0003s ]
SQL: SELECT COUNT(id) AS tp_count FROM `tp_user` WHERE ( 1=1 AND addtime>1531238400 AND addtime<1531324800 ) LIMIT 1   [ RunTime:0.0004s ]
SQL: SELECT COUNT(id) AS tp_count FROM `tp_user` WHERE ( 1=1 AND addtime>1531324800 AND addtime<1531411200 ) LIMIT 1   [ RunTime:0.0003s ]
SQL: SELECT COUNT(id) AS tp_count FROM `tp_user` WHERE ( 1=1 AND addtime>1531411200 AND addtime<1531497600 ) LIMIT 1   [ RunTime:0.0003s ]
SQL: SELECT COUNT(id) AS tp_count FROM `tp_user` WHERE ( 1=1 AND addtime>1531497600 AND addtime<1531584000 ) LIMIT 1   [ RunTime:0.0003s ]
SQL: SELECT COUNT(id) AS tp_count FROM `tp_user` WHERE ( 1=1 AND addtime>1531584000 AND addtime<1531670400 ) LIMIT 1   [ RunTime:0.0003s ]
SQL: SELECT COUNT(id) AS tp_count FROM `tp_user` WHERE ( 1=1 AND addtime>1531670400 AND addtime<1531756800 ) LIMIT 1   [ RunTime:0.0003s ]
SQL: SELECT COUNT(id) AS tp_count FROM `tp_user` WHERE ( 1=1 AND addtime>1531756800 AND addtime<1531843200 ) LIMIT 1   [ RunTime:0.0003s ]
SQL: SELECT COUNT(id) AS tp_count FROM `tp_user` WHERE ( 1=1 AND addtime>1531843200 AND addtime<1531929600 ) LIMIT 1   [ RunTime:0.0003s ]
SQL: SELECT COUNT(id) AS tp_count FROM `tp_user` WHERE ( 1=1 AND addtime>1531929600 AND addtime<1532016000 ) LIMIT 1   [ RunTime:0.0004s ]
INFO: [ view_parse ] --START--
INFO: [ template_filter ] --START--
INFO: Run Behavior\ContentReplaceBehavior [ RunTime:0.000042s ]
INFO: [ template_filter ] --END-- [ RunTime:0.000063s ]
NOTIC: [8] Undefined variable: shop_id /home/wwwroot/test.xihuanmall.com/Application/Runtime/Cache/Admin/d51e8022a701ec082f636115990474ae.php 第 81 行.
NOTIC: [8] Undefined variable: shop_id /home/wwwroot/test.xihuanmall.com/Application/Runtime/Cache/Admin/d51e8022a701ec082f636115990474ae.php 第 82 行.
NOTIC: [8] Undefined variable: start_time /home/wwwroot/test.xihuanmall.com/Application/Runtime/Cache/Admin/d51e8022a701ec082f636115990474ae.php 第 89 行.
NOTIC: [8] Undefined variable: end_time /home/wwwroot/test.xihuanmall.com/Application/Runtime/Cache/Admin/d51e8022a701ec082f636115990474ae.php 第 90 行.
INFO: Run Behavior\ParseTemplateBehavior [ RunTime:0.003205s ]
INFO: [ view_parse ] --END-- [ RunTime:0.003219s ]
INFO: [ view_filter ] --START--
INFO: Run Behavior\WriteHtmlCacheBehavior [ RunTime:0.000110s ]
INFO: [ view_filter ] --END-- [ RunTime:0.000121s ]
INFO: [ app_end ] --START--
INFO: Run Behavior\ShowPageTraceBehavior [ RunTime:0.000344s ]
INFO: [ app_end ] --END-- [ RunTime:0.000358s ]

[ 2018-07-19T19:59:23+08:00 ] 111.201.247.216 /admin.php/Brand/index.html
INFO: [ app_init ] --START--
INFO: Run Behavior\BuildLiteBehavior [ RunTime:0.000009s ]
INFO: [ app_init ] --END-- [ RunTime:0.000039s ]
INFO: [ app_begin ] --START--
INFO: Run Behavior\ReadHtmlCacheBehavior [ RunTime:0.000345s ]
INFO: [ app_begin ] --END-- [ RunTime:0.000370s ]
SQL: SHOW COLUMNS FROM `tp_brand` [ RunTime:0.0006s ]
NOTIC: [2] session_name(): Cannot change session name when session is active /home/wwwroot/test.xihuanmall.com/ThinkPHP/Common/functions.php 第 1238 行.
NOTIC: [2] ini_set(): A session is active. You cannot change the session module's ini settings at this time /home/wwwroot/test.xihuanmall.com/ThinkPHP/Common/functions.php 第 1242 行.
NOTIC: [2] ini_set(): A session is active. You cannot change the session module's ini settings at this time /home/wwwroot/test.xihuanmall.com/ThinkPHP/Common/functions.php 第 1243 行.
NOTIC: [8] session_start(): A session had already been started - ignoring /home/wwwroot/test.xihuanmall.com/ThinkPHP/Common/functions.php 第 1263 行.
SQL: SHOW COLUMNS FROM `tp_menu` [ RunTime:0.0003s ]
SQL: SELECT * FROM `tp_menu` ORDER BY step asc  [ RunTime:0.0001s ]
NOTIC: [8] Undefined index: brand_name /home/wwwroot/test.xihuanmall.com/Application/Admin/Controller/BrandController.class.php 第 21 行.
SQL: SELECT COUNT(*) AS tp_count FROM `tp_brand` LIMIT 1   [ RunTime:0.0000s ]
SQL: SELECT * FROM `tp_brand` LIMIT 0,20   [ RunTime:0.0001s ]
INFO: [ view_parse ] --START--
INFO: [ template_filter ] --START--
INFO: Run Behavior\ContentReplaceBehavior [ RunTime:0.000047s ]
INFO: [ template_filter ] --END-- [ RunTime:0.000078s ]
NOTIC: [8] Undefined variable: name /home/wwwroot/test.xihuanmall.com/Application/Runtime/Cache/Admin/2a38b4b7be29a02b1e37409ba1a585bd.php 第 33 行.
INFO: Run Behavior\ParseTemplateBehavior [ RunTime:0.004118s ]
INFO: [ view_parse ] --END-- [ RunTime:0.004136s ]
INFO: [ view_filter ] --START--
INFO: Run Behavior\WriteHtmlCacheBehavior [ RunTime:0.000142s ]
INFO: [ view_filter ] --END-- [ RunTime:0.000158s ]
INFO: [ app_end ] --START--
INFO: Run Behavior\ShowPageTraceBehavior [ RunTime:0.000394s ]
INFO: [ app_end ] --END-- [ RunTime:0.000415s ]

[ 2018-07-19T22:36:12+08:00 ] 111.201.247.216 /admin.php/Statistics/user_count.html
INFO: [ app_init ] --START--
INFO: Run Behavior\BuildLiteBehavior [ RunTime:0.000006s ]
INFO: [ app_init ] --END-- [ RunTime:0.000029s ]
INFO: [ app_begin ] --START--
INFO: Run Behavior\ReadHtmlCacheBehavior [ RunTime:0.000266s ]
INFO: [ app_begin ] --END-- [ RunTime:0.000285s ]
SQL: SHOW COLUMNS FROM `tp_order` [ RunTime:0.0007s ]
SQL: SHOW COLUMNS FROM `tp_order_product` [ RunTime:0.0004s ]
SQL: SHOW COLUMNS FROM `tp_user` [ RunTime:0.0003s ]
NOTIC: [2] session_name(): Cannot change session name when session is active /home/wwwroot/test.xihuanmall.com/ThinkPHP/Common/functions.php 第 1238 行.
NOTIC: [2] ini_set(): A session is active. You cannot change the session module's ini settings at this time /home/wwwroot/test.xihuanmall.com/ThinkPHP/Common/functions.php 第 1242 行.
NOTIC: [2] ini_set(): A session is active. You cannot change the session module's ini settings at this time /home/wwwroot/test.xihuanmall.com/ThinkPHP/Common/functions.php 第 1243 行.
NOTIC: [8] session_start(): A session had already been started - ignoring /home/wwwroot/test.xihuanmall.com/ThinkPHP/Common/functions.php 第 1263 行.
SQL: SHOW COLUMNS FROM `tp_menu` [ RunTime:0.0004s ]
SQL: SELECT * FROM `tp_menu` ORDER BY step asc  [ RunTime:0.0001s ]
NOTIC: [8] Undefined index: type /home/wwwroot/test.xihuanmall.com/Application/Admin/Controller/StatisticsController.class.php 第 25 行.
NOTIC: [8] Undefined variable: day_String /home/wwwroot/test.xihuanmall.com/Application/Admin/Controller/StatisticsController.class.php 第 39 行.
SQL: SELECT COUNT(id) AS tp_count FROM `tp_user` WHERE ( 1=1 AND addtime>1530979200 AND addtime<1531065600 ) LIMIT 1   [ RunTime:0.0005s ]
NOTIC: [8] Undefined variable: data1 /home/wwwroot/test.xihuanmall.com/Application/Admin/Controller/StatisticsController.class.php 第 44 行.
SQL: SELECT COUNT(id) AS tp_count FROM `tp_user` WHERE ( 1=1 AND addtime>1531065600 AND addtime<1531152000 ) LIMIT 1   [ RunTime:0.0004s ]
SQL: SELECT COUNT(id) AS tp_count FROM `tp_user` WHERE ( 1=1 AND addtime>1531152000 AND addtime<1531238400 ) LIMIT 1   [ RunTime:0.0004s ]
SQL: SELECT COUNT(id) AS tp_count FROM `tp_user` WHERE ( 1=1 AND addtime>1531238400 AND addtime<1531324800 ) LIMIT 1   [ RunTime:0.0004s ]
SQL: SELECT COUNT(id) AS tp_count FROM `tp_user` WHERE ( 1=1 AND addtime>1531324800 AND addtime<1531411200 ) LIMIT 1   [ RunTime:0.0004s ]
SQL: SELECT COUNT(id) AS tp_count FROM `tp_user` WHERE ( 1=1 AND addtime>1531411200 AND addtime<1531497600 ) LIMIT 1   [ RunTime:0.0004s ]
SQL: SELECT COUNT(id) AS tp_count FROM `tp_user` WHERE ( 1=1 AND addtime>1531497600 AND addtime<1531584000 ) LIMIT 1   [ RunTime:0.0004s ]
SQL: SELECT COUNT(id) AS tp_count FROM `tp_user` WHERE ( 1=1 AND addtime>1531584000 AND addtime<1531670400 ) LIMIT 1   [ RunTime:0.0004s ]
SQL: SELECT COUNT(id) AS tp_count FROM `tp_user` WHERE ( 1=1 AND addtime>1531670400 AND addtime<1531756800 ) LIMIT 1   [ RunTime:0.0004s ]
SQL: SELECT COUNT(id) AS tp_count FROM `tp_user` WHERE ( 1=1 AND addtime>1531756800 AND addtime<1531843200 ) LIMIT 1   [ RunTime:0.0004s ]
SQL: SELECT COUNT(id) AS tp_count FROM `tp_user` WHERE ( 1=1 AND addtime>1531843200 AND addtime<1531929600 ) LIMIT 1   [ RunTime:0.0004s ]
SQL: SELECT COUNT(id) AS tp_count FROM `tp_user` WHERE ( 1=1 AND addtime>1531929600 AND addtime<1532016000 ) LIMIT 1   [ RunTime:0.0004s ]
INFO: [ view_parse ] --START--
INFO: [ template_filter ] --START--
INFO: Run Behavior\ContentReplaceBehavior [ RunTime:0.000051s ]
INFO: [ template_filter ] --END-- [ RunTime:0.000075s ]
NOTIC: [8] Undefined variable: shop_id /home/wwwroot/test.xihuanmall.com/Application/Runtime/Cache/Admin/d51e8022a701ec082f636115990474ae.php 第 81 行.
NOTIC: [8] Undefined variable: shop_id /home/wwwroot/test.xihuanmall.com/Application/Runtime/Cache/Admin/d51e8022a701ec082f636115990474ae.php 第 82 行.
NOTIC: [8] Undefined variable: start_time /home/wwwroot/test.xihuanmall.com/Application/Runtime/Cache/Admin/d51e8022a701ec082f636115990474ae.php 第 89 行.
NOTIC: [8] Undefined variable: end_time /home/wwwroot/test.xihuanmall.com/Application/Runtime/Cache/Admin/d51e8022a701ec082f636115990474ae.php 第 90 行.
INFO: Run Behavior\ParseTemplateBehavior [ RunTime:0.003444s ]
INFO: [ view_parse ] --END-- [ RunTime:0.003459s ]
INFO: [ view_filter ] --START--
INFO: Run Behavior\WriteHtmlCacheBehavior [ RunTime:0.000128s ]
INFO: [ view_filter ] --END-- [ RunTime:0.000142s ]
INFO: [ app_end ] --START--
INFO: Run Behavior\ShowPageTraceBehavior [ RunTime:0.000338s ]
INFO: [ app_end ] --END-- [ RunTime:0.000354s ]

[ 2018-07-19T22:36:13+08:00 ] 111.201.247.216 /admin.php/Statistics/order_count.html
INFO: [ app_init ] --START--
INFO: Run Behavior\BuildLiteBehavior [ RunTime:0.000006s ]
INFO: [ app_init ] --END-- [ RunTime:0.000031s ]
INFO: [ app_begin ] --START--
INFO: Run Behavior\ReadHtmlCacheBehavior [ RunTime:0.000250s ]
INFO: [ app_begin ] --END-- [ RunTime:0.000269s ]
SQL: SHOW COLUMNS FROM `tp_order` [ RunTime:0.0006s ]
SQL: SHOW COLUMNS FROM `tp_order_product` [ RunTime:0.0003s ]
SQL: SHOW COLUMNS FROM `tp_user` [ RunTime:0.0005s ]
NOTIC: [2] session_name(): Cannot change session name when session is active /home/wwwroot/test.xihuanmall.com/ThinkPHP/Common/functions.php 第 1238 行.
NOTIC: [2] ini_set(): A session is active. You cannot change the session module's ini settings at this time /home/wwwroot/test.xihuanmall.com/ThinkPHP/Common/functions.php 第 1242 行.
NOTIC: [2] ini_set(): A session is active. You cannot change the session module's ini settings at this time /home/wwwroot/test.xihuanmall.com/ThinkPHP/Common/functions.php 第 1243 行.
NOTIC: [8] session_start(): A session had already been started - ignoring /home/wwwroot/test.xihuanmall.com/ThinkPHP/Common/functions.php 第 1263 行.
SQL: SHOW COLUMNS FROM `tp_menu` [ RunTime:0.0004s ]
SQL: SELECT * FROM `tp_menu` ORDER BY step asc  [ RunTime:0.0001s ]
NOTIC: [8] Undefined index: type /home/wwwroot/test.xihuanmall.com/Application/Admin/Controller/StatisticsController.class.php 第 63 行.
NOTIC: [8] Undefined variable: day_String /home/wwwroot/test.xihuanmall.com/Application/Admin/Controller/StatisticsController.class.php 第 77 行.
SQL: SELECT COUNT(id) AS tp_count FROM `tp_order` WHERE ( 1=1 AND addtime>1530979200 AND addtime<1531065600 ) LIMIT 1   [ RunTime:0.0000s ]
NOTIC: [8] Undefined variable: data1 /home/wwwroot/test.xihuanmall.com/Application/Admin/Controller/StatisticsController.class.php 第 82 行.
SQL: SELECT COUNT(id) AS tp_count FROM `tp_order` WHERE ( 1=1 AND addtime>1531065600 AND addtime<1531152000 ) LIMIT 1   [ RunTime:0.0000s ]
SQL: SELECT COUNT(id) AS tp_count FROM `tp_order` WHERE ( 1=1 AND addtime>1531152000 AND addtime<1531238400 ) LIMIT 1   [ RunTime:0.0000s ]
SQL: SELECT COUNT(id) AS tp_count FROM `tp_order` WHERE ( 1=1 AND addtime>1531238400 AND addtime<1531324800 ) LIMIT 1   [ RunTime:0.0000s ]
SQL: SELECT COUNT(id) AS tp_count FROM `tp_order` WHERE ( 1=1 AND addtime>1531324800 AND addtime<1531411200 ) LIMIT 1   [ RunTime:0.0000s ]
SQL: SELECT COUNT(id) AS tp_count FROM `tp_order` WHERE ( 1=1 AND addtime>1531411200 AND addtime<1531497600 ) LIMIT 1   [ RunTime:0.0000s ]
SQL: SELECT COUNT(id) AS tp_count FROM `tp_order` WHERE ( 1=1 AND addtime>1531497600 AND addtime<1531584000 ) LIMIT 1   [ RunTime:0.0000s ]
SQL: SELECT COUNT(id) AS tp_count FROM `tp_order` WHERE ( 1=1 AND addtime>1531584000 AND addtime<1531670400 ) LIMIT 1   [ RunTime:0.0000s ]
SQL: SELECT COUNT(id) AS tp_count FROM `tp_order` WHERE ( 1=1 AND addtime>1531670400 AND addtime<1531756800 ) LIMIT 1   [ RunTime:0.0001s ]
SQL: SELECT COUNT(id) AS tp_count FROM `tp_order` WHERE ( 1=1 AND addtime>1531756800 AND addtime<1531843200 ) LIMIT 1   [ RunTime:0.0000s ]
SQL: SELECT COUNT(id) AS tp_count FROM `tp_order` WHERE ( 1=1 AND addtime>1531843200 AND addtime<1531929600 ) LIMIT 1   [ RunTime:0.0000s ]
SQL: SELECT COUNT(id) AS tp_count FROM `tp_order` WHERE ( 1=1 AND addtime>1531929600 AND addtime<1532016000 ) LIMIT 1   [ RunTime:0.0002s ]
INFO: [ view_parse ] --START--
INFO: [ template_filter ] --START--
INFO: Run Behavior\ContentReplaceBehavior [ RunTime:0.000042s ]
INFO: [ template_filter ] --END-- [ RunTime:0.000069s ]
NOTIC: [8] Undefined variable: shop_id /home/wwwroot/test.xihuanmall.com/Application/Runtime/Cache/Admin/ecd5a61af93f2e59df7a2c0176a82c99.php 第 78 行.
NOTIC: [8] Undefined variable: shop_id /home/wwwroot/test.xihuanmall.com/Application/Runtime/Cache/Admin/ecd5a61af93f2e59df7a2c0176a82c99.php 第 79 行.
INFO: Run Behavior\ParseTemplateBehavior [ RunTime:0.003830s ]
INFO: [ view_parse ] --END-- [ RunTime:0.003846s ]
INFO: [ view_filter ] --START--
INFO: Run Behavior\WriteHtmlCacheBehavior [ RunTime:0.000113s ]
INFO: [ view_filter ] --END-- [ RunTime:0.000124s ]
INFO: [ app_end ] --START--
INFO: Run Behavior\ShowPageTraceBehavior [ RunTime:0.000447s ]
INFO: [ app_end ] --END-- [ RunTime:0.000466s ]

[ 2018-07-19T22:36:21+08:00 ] 111.201.247.216 /admin.php/Statistics/user_count.html
INFO: [ app_init ] --START--
INFO: Run Behavior\BuildLiteBehavior [ RunTime:0.000008s ]
INFO: [ app_init ] --END-- [ RunTime:0.000041s ]
INFO: [ app_begin ] --START--
INFO: Run Behavior\ReadHtmlCacheBehavior [ RunTime:0.000392s ]
INFO: [ app_begin ] --END-- [ RunTime:0.000415s ]
SQL: SHOW COLUMNS FROM `tp_order` [ RunTime:0.0034s ]
SQL: SHOW COLUMNS FROM `tp_order_product` [ RunTime:0.0004s ]
SQL: SHOW COLUMNS FROM `tp_user` [ RunTime:0.0003s ]
NOTIC: [2] session_name(): Cannot change session name when session is active /home/wwwroot/test.xihuanmall.com/ThinkPHP/Common/functions.php 第 1238 行.
NOTIC: [2] ini_set(): A session is active. You cannot change the session module's ini settings at this time /home/wwwroot/test.xihuanmall.com/ThinkPHP/Common/functions.php 第 1242 行.
NOTIC: [2] ini_set(): A session is active. You cannot change the session module's ini settings at this time /home/wwwroot/test.xihuanmall.com/ThinkPHP/Common/functions.php 第 1243 行.
NOTIC: [8] session_start(): A session had already been started - ignoring /home/wwwroot/test.xihuanmall.com/ThinkPHP/Common/functions.php 第 1263 行.
SQL: SHOW COLUMNS FROM `tp_menu` [ RunTime:0.0003s ]
SQL: SELECT * FROM `tp_menu` ORDER BY step asc  [ RunTime:0.0001s ]
NOTIC: [8] Undefined index: type /home/wwwroot/test.xihuanmall.com/Application/Admin/Controller/StatisticsController.class.php 第 25 行.
NOTIC: [8] Undefined variable: day_String /home/wwwroot/test.xihuanmall.com/Application/Admin/Controller/StatisticsController.class.php 第 39 行.
SQL: SELECT COUNT(id) AS tp_count FROM `tp_user` WHERE ( 1=1 AND addtime>1530979200 AND addtime<1531065600 ) LIMIT 1   [ RunTime:0.0000s ]
NOTIC: [8] Undefined variable: data1 /home/wwwroot/test.xihuanmall.com/Application/Admin/Controller/StatisticsController.class.php 第 44 行.
SQL: SELECT COUNT(id) AS tp_count FROM `tp_user` WHERE ( 1=1 AND addtime>1531065600 AND addtime<1531152000 ) LIMIT 1   [ RunTime:0.0000s ]
SQL: SELECT COUNT(id) AS tp_count FROM `tp_user` WHERE ( 1=1 AND addtime>1531152000 AND addtime<1531238400 ) LIMIT 1   [ RunTime:0.0001s ]
SQL: SELECT COUNT(id) AS tp_count FROM `tp_user` WHERE ( 1=1 AND addtime>1531238400 AND addtime<1531324800 ) LIMIT 1   [ RunTime:0.0000s ]
SQL: SELECT COUNT(id) AS tp_count FROM `tp_user` WHERE ( 1=1 AND addtime>1531324800 AND addtime<1531411200 ) LIMIT 1   [ RunTime:0.0000s ]
SQL: SELECT COUNT(id) AS tp_count FROM `tp_user` WHERE ( 1=1 AND addtime>1531411200 AND addtime<1531497600 ) LIMIT 1   [ RunTime:0.0000s ]
SQL: SELECT COUNT(id) AS tp_count FROM `tp_user` WHERE ( 1=1 AND addtime>1531497600 AND addtime<1531584000 ) LIMIT 1   [ RunTime:0.0000s ]
SQL: SELECT COUNT(id) AS tp_count FROM `tp_user` WHERE ( 1=1 AND addtime>1531584000 AND addtime<1531670400 ) LIMIT 1   [ RunTime:0.0000s ]
SQL: SELECT COUNT(id) AS tp_count FROM `tp_user` WHERE ( 1=1 AND addtime>1531670400 AND addtime<1531756800 ) LIMIT 1   [ RunTime:0.0000s ]
SQL: SELECT COUNT(id) AS tp_count FROM `tp_user` WHERE ( 1=1 AND addtime>1531756800 AND addtime<1531843200 ) LIMIT 1   [ RunTime:0.0000s ]
SQL: SELECT COUNT(id) AS tp_count FROM `tp_user` WHERE ( 1=1 AND addtime>1531843200 AND addtime<1531929600 ) LIMIT 1   [ RunTime:0.0000s ]
SQL: SELECT COUNT(id) AS tp_count FROM `tp_user` WHERE ( 1=1 AND addtime>1531929600 AND addtime<1532016000 ) LIMIT 1   [ RunTime:0.0000s ]
INFO: [ view_parse ] --START--
INFO: [ template_filter ] --START--
INFO: Run Behavior\ContentReplaceBehavior [ RunTime:0.000043s ]
INFO: [ template_filter ] --END-- [ RunTime:0.000064s ]
NOTIC: [8] Undefined variable: shop_id /home/wwwroot/test.xihuanmall.com/Application/Runtime/Cache/Admin/d51e8022a701ec082f636115990474ae.php 第 81 行.
NOTIC: [8] Undefined variable: shop_id /home/wwwroot/test.xihuanmall.com/Application/Runtime/Cache/Admin/d51e8022a701ec082f636115990474ae.php 第 82 行.
NOTIC: [8] Undefined variable: start_time /home/wwwroot/test.xihuanmall.com/Application/Runtime/Cache/Admin/d51e8022a701ec082f636115990474ae.php 第 89 行.
NOTIC: [8] Undefined variable: end_time /home/wwwroot/test.xihuanmall.com/Application/Runtime/Cache/Admin/d51e8022a701ec082f636115990474ae.php 第 90 行.
INFO: Run Behavior\ParseTemplateBehavior [ RunTime:0.003095s ]
INFO: [ view_parse ] --END-- [ RunTime:0.003109s ]
INFO: [ view_filter ] --START--
INFO: Run Behavior\WriteHtmlCacheBehavior [ RunTime:0.000128s ]
INFO: [ view_filter ] --END-- [ RunTime:0.000141s ]
INFO: [ app_end ] --START--
INFO: Run Behavior\ShowPageTraceBehavior [ RunTime:0.000305s ]
INFO: [ app_end ] --END-- [ RunTime:0.000321s ]

[ 2018-07-19T22:36:32+08:00 ] 111.201.247.216 /admin.php/Statistics/user_count.html
INFO: [ app_init ] --START--
INFO: Run Behavior\BuildLiteBehavior [ RunTime:0.000007s ]
INFO: [ app_init ] --END-- [ RunTime:0.000032s ]
INFO: [ app_begin ] --START--
INFO: Run Behavior\ReadHtmlCacheBehavior [ RunTime:0.000282s ]
INFO: [ app_begin ] --END-- [ RunTime:0.000303s ]
SQL: SHOW COLUMNS FROM `tp_order` [ RunTime:0.0007s ]
SQL: SHOW COLUMNS FROM `tp_order_product` [ RunTime:0.0003s ]
SQL: SHOW COLUMNS FROM `tp_user` [ RunTime:0.0004s ]
NOTIC: [2] session_name(): Cannot change session name when session is active /home/wwwroot/test.xihuanmall.com/ThinkPHP/Common/functions.php 第 1238 行.
NOTIC: [2] ini_set(): A session is active. You cannot change the session module's ini settings at this time /home/wwwroot/test.xihuanmall.com/ThinkPHP/Common/functions.php 第 1242 行.
NOTIC: [2] ini_set(): A session is active. You cannot change the session module's ini settings at this time /home/wwwroot/test.xihuanmall.com/ThinkPHP/Common/functions.php 第 1243 行.
NOTIC: [8] session_start(): A session had already been started - ignoring /home/wwwroot/test.xihuanmall.com/ThinkPHP/Common/functions.php 第 1263 行.
SQL: SHOW COLUMNS FROM `tp_menu` [ RunTime:0.0003s ]
SQL: SELECT * FROM `tp_menu` ORDER BY step asc  [ RunTime:0.0001s ]
NOTIC: [8] Undefined index: type /home/wwwroot/test.xihuanmall.com/Application/Admin/Controller/StatisticsController.class.php 第 25 行.
NOTIC: [8] Undefined variable: day_String /home/wwwroot/test.xihuanmall.com/Application/Admin/Controller/StatisticsController.class.php 第 39 行.
SQL: SELECT COUNT(id) AS tp_count FROM `tp_user` WHERE ( 1=1 AND addtime>1530979200 AND addtime<1531065600 ) LIMIT 1   [ RunTime:0.0000s ]
NOTIC: [8] Undefined variable: data1 /home/wwwroot/test.xihuanmall.com/Application/Admin/Controller/StatisticsController.class.php 第 44 行.
SQL: SELECT COUNT(id) AS tp_count FROM `tp_user` WHERE ( 1=1 AND addtime>1531065600 AND addtime<1531152000 ) LIMIT 1   [ RunTime:0.0000s ]
SQL: SELECT COUNT(id) AS tp_count FROM `tp_user` WHERE ( 1=1 AND addtime>1531152000 AND addtime<1531238400 ) LIMIT 1   [ RunTime:0.0000s ]
SQL: SELECT COUNT(id) AS tp_count FROM `tp_user` WHERE ( 1=1 AND addtime>1531238400 AND addtime<1531324800 ) LIMIT 1   [ RunTime:0.0000s ]
SQL: SELECT COUNT(id) AS tp_count FROM `tp_user` WHERE ( 1=1 AND addtime>1531324800 AND addtime<1531411200 ) LIMIT 1   [ RunTime:0.0000s ]
SQL: SELECT COUNT(id) AS tp_count FROM `tp_user` WHERE ( 1=1 AND addtime>1531411200 AND addtime<1531497600 ) LIMIT 1   [ RunTime:0.0000s ]
SQL: SELECT COUNT(id) AS tp_count FROM `tp_user` WHERE ( 1=1 AND addtime>1531497600 AND addtime<1531584000 ) LIMIT 1   [ RunTime:0.0000s ]
SQL: SELECT COUNT(id) AS tp_count FROM `tp_user` WHERE ( 1=1 AND addtime>1531584000 AND addtime<1531670400 ) LIMIT 1   [ RunTime:0.0000s ]
SQL: SELECT COUNT(id) AS tp_count FROM `tp_user` WHERE ( 1=1 AND addtime>1531670400 AND addtime<1531756800 ) LIMIT 1   [ RunTime:0.0000s ]
SQL: SELECT COUNT(id) AS tp_count FROM `tp_user` WHERE ( 1=1 AND addtime>1531756800 AND addtime<1531843200 ) LIMIT 1   [ RunTime:0.0000s ]
SQL: SELECT COUNT(id) AS tp_count FROM `tp_user` WHERE ( 1=1 AND addtime>1531843200 AND addtime<1531929600 ) LIMIT 1   [ RunTime:0.0000s ]
SQL: SELECT COUNT(id) AS tp_count FROM `tp_user` WHERE ( 1=1 AND addtime>1531929600 AND addtime<1532016000 ) LIMIT 1   [ RunTime:0.0000s ]
INFO: [ view_parse ] --START--
INFO: [ template_filter ] --START--
INFO: Run Behavior\ContentReplaceBehavior [ RunTime:0.000053s ]
INFO: [ template_filter ] --END-- [ RunTime:0.000083s ]
NOTIC: [8] Undefined variable: shop_id /home/wwwroot/test.xihuanmall.com/Application/Runtime/Cache/Admin/d51e8022a701ec082f636115990474ae.php 第 81 行.
NOTIC: [8] Undefined variable: shop_id /home/wwwroot/test.xihuanmall.com/Application/Runtime/Cache/Admin/d51e8022a701ec082f636115990474ae.php 第 82 行.
NOTIC: [8] Undefined variable: start_time /home/wwwroot/test.xihuanmall.com/Application/Runtime/Cache/Admin/d51e8022a701ec082f636115990474ae.php 第 89 行.
NOTIC: [8] Undefined variable: end_time /home/wwwroot/test.xihuanmall.com/Application/Runtime/Cache/Admin/d51e8022a701ec082f636115990474ae.php 第 90 行.
INFO: Run Behavior\ParseTemplateBehavior [ RunTime:0.003212s ]
INFO: [ view_parse ] --END-- [ RunTime:0.003227s ]
INFO: [ view_filter ] --START--
INFO: Run Behavior\WriteHtmlCacheBehavior [ RunTime:0.000115s ]
INFO: [ view_filter ] --END-- [ RunTime:0.000128s ]
INFO: [ app_end ] --START--
INFO: Run Behavior\ShowPageTraceBehavior [ RunTime:0.000322s ]
INFO: [ app_end ] --END-- [ RunTime:0.000355s ]

[ 2018-07-19T22:36:36+08:00 ] 111.201.247.216 /admin.php/User/userList.html
INFO: [ app_init ] --START--
INFO: Run Behavior\BuildLiteBehavior [ RunTime:0.000007s ]
INFO: [ app_init ] --END-- [ RunTime:0.000031s ]
INFO: [ app_begin ] --START--
INFO: Run Behavior\ReadHtmlCacheBehavior [ RunTime:0.000294s ]
INFO: [ app_begin ] --END-- [ RunTime:0.000311s ]
NOTIC: [2] Declaration of Admin\Controller\UserController::show() should be compatible with Think\Controller::show($content, $charset = '', $contentType = '', $prefix = '') /home/wwwroot/test.xihuanmall.com/Application/Admin/Controller/UserController.class.php 第 14 行.
SQL: SHOW COLUMNS FROM `tp_order` [ RunTime:0.0007s ]
SQL: SHOW COLUMNS FROM `tp_order_product` [ RunTime:0.0004s ]
SQL: SHOW COLUMNS FROM `tp_user` [ RunTime:0.0004s ]
NOTIC: [2] session_name(): Cannot change session name when session is active /home/wwwroot/test.xihuanmall.com/ThinkPHP/Common/functions.php 第 1238 行.
NOTIC: [2] ini_set(): A session is active. You cannot change the session module's ini settings at this time /home/wwwroot/test.xihuanmall.com/ThinkPHP/Common/functions.php 第 1242 行.
NOTIC: [2] ini_set(): A session is active. You cannot change the session module's ini settings at this time /home/wwwroot/test.xihuanmall.com/ThinkPHP/Common/functions.php 第 1243 行.
NOTIC: [8] session_start(): A session had already been started - ignoring /home/wwwroot/test.xihuanmall.com/ThinkPHP/Common/functions.php 第 1263 行.
SQL: SHOW COLUMNS FROM `tp_menu` [ RunTime:0.0004s ]
SQL: SELECT * FROM `tp_menu` ORDER BY step asc  [ RunTime:0.0001s ]
NOTIC: [8] Undefined index: type /home/wwwroot/test.xihuanmall.com/Application/Admin/Controller/UserController.class.php 第 74 行.
NOTIC: [8] Undefined index: id /home/wwwroot/test.xihuanmall.com/Application/Admin/Controller/UserController.class.php 第 75 行.
NOTIC: [8] Undefined index: tel /home/wwwroot/test.xihuanmall.com/Application/Admin/Controller/UserController.class.php 第 76 行.
NOTIC: [8] Undefined index: name /home/wwwroot/test.xihuanmall.com/Application/Admin/Controller/UserController.class.php 第 77 行.
NOTIC: [8] Undefined index: name /home/wwwroot/test.xihuanmall.com/Application/Admin/Controller/UserController.class.php 第 79 行.
SQL: SHOW COLUMNS FROM `tp_user` [ RunTime:0.0004s ]
SQL: SELECT COUNT(*) AS tp_count FROM `tp_user` WHERE ( 1=1 ) LIMIT 1   [ RunTime:0.0001s ]
NOTIC: [8] Undefined index: page /home/wwwroot/test.xihuanmall.com/Application/Admin/Controller/UserController.class.php 第 89 行.
SQL: SELECT * FROM `tp_user` WHERE ( 1=1 ) ORDER BY id desc LIMIT 0,5   [ RunTime:0.0002s ]
INFO: [ view_parse ] --START--
INFO: [ template_filter ] --START--
INFO: Run Behavior\ContentReplaceBehavior [ RunTime:0.000053s ]
INFO: [ template_filter ] --END-- [ RunTime:0.000081s ]
INFO: Run Behavior\ParseTemplateBehavior [ RunTime:0.003939s ]
INFO: [ view_parse ] --END-- [ RunTime:0.003958s ]
INFO: [ view_filter ] --START--
INFO: Run Behavior\WriteHtmlCacheBehavior [ RunTime:0.000116s ]
INFO: [ view_filter ] --END-- [ RunTime:0.000150s ]
INFO: [ app_end ] --START--
INFO: Run Behavior\ShowPageTraceBehavior [ RunTime:0.000343s ]
INFO: [ app_end ] --END-- [ RunTime:0.000362s ]

[ 2018-07-19T22:36:36+08:00 ] 111.201.247.216 /admin.php/User/undefined
INFO: [ app_init ] --START--
INFO: Run Behavior\BuildLiteBehavior [ RunTime:0.000006s ]
INFO: [ app_init ] --END-- [ RunTime:0.000029s ]
INFO: [ app_begin ] --START--
INFO: Run Behavior\ReadHtmlCacheBehavior [ RunTime:0.000281s ]
INFO: [ app_begin ] --END-- [ RunTime:0.000300s ]
NOTIC: [2] Declaration of Admin\Controller\UserController::show() should be compatible with Think\Controller::show($content, $charset = '', $contentType = '', $prefix = '') /home/wwwroot/test.xihuanmall.com/Application/Admin/Controller/UserController.class.php 第 14 行.
SQL: SHOW COLUMNS FROM `tp_order` [ RunTime:0.0006s ]
SQL: SHOW COLUMNS FROM `tp_order_product` [ RunTime:0.0003s ]
SQL: SHOW COLUMNS FROM `tp_user` [ RunTime:0.0004s ]
NOTIC: [2] session_name(): Cannot change session name when session is active /home/wwwroot/test.xihuanmall.com/ThinkPHP/Common/functions.php 第 1238 行.
NOTIC: [2] ini_set(): A session is active. You cannot change the session module's ini settings at this time /home/wwwroot/test.xihuanmall.com/ThinkPHP/Common/functions.php 第 1242 行.
NOTIC: [2] ini_set(): A session is active. You cannot change the session module's ini settings at this time /home/wwwroot/test.xihuanmall.com/ThinkPHP/Common/functions.php 第 1243 行.
NOTIC: [8] session_start(): A session had already been started - ignoring /home/wwwroot/test.xihuanmall.com/ThinkPHP/Common/functions.php 第 1263 行.
SQL: SHOW COLUMNS FROM `tp_menu` [ RunTime:0.0004s ]
SQL: SELECT * FROM `tp_menu` ORDER BY step asc  [ RunTime:0.0002s ]
ERR: 非法操作:undefined

[ 2018-07-19T22:36:49+08:00 ] 111.201.247.216 /admin.php/Admin/index.html
INFO: [ app_init ] --START--
INFO: Run Behavior\BuildLiteBehavior [ RunTime:0.000006s ]
INFO: [ app_init ] --END-- [ RunTime:0.000032s ]
INFO: [ app_begin ] --START--
INFO: Run Behavior\ReadHtmlCacheBehavior [ RunTime:0.000332s ]
INFO: [ app_begin ] --END-- [ RunTime:0.000378s ]
NOTIC: [2] session_name(): Cannot change session name when session is active /home/wwwroot/test.xihuanmall.com/ThinkPHP/Common/functions.php 第 1238 行.
NOTIC: [2] ini_set(): A session is active. You cannot change the session module's ini settings at this time /home/wwwroot/test.xihuanmall.com/ThinkPHP/Common/functions.php 第 1242 行.
NOTIC: [2] ini_set(): A session is active. You cannot change the session module's ini settings at this time /home/wwwroot/test.xihuanmall.com/ThinkPHP/Common/functions.php 第 1243 行.
NOTIC: [8] session_start(): A session had already been started - ignoring /home/wwwroot/test.xihuanmall.com/ThinkPHP/Common/functions.php 第 1263 行.
SQL: SHOW COLUMNS FROM `tp_menu` [ RunTime:0.0007s ]
SQL: SELECT * FROM `tp_menu` ORDER BY step asc  [ RunTime:0.0001s ]
SQL: SHOW COLUMNS FROM `tp_admin` [ RunTime:0.0005s ]
SQL: SELECT COUNT(*) AS tp_count FROM `tp_admin` LIMIT 1   [ RunTime:0.0000s ]
SQL: SELECT * FROM `tp_admin` LIMIT 0,10   [ RunTime:0.0001s ]
INFO: [ view_parse ] --START--
INFO: [ template_filter ] --START--
INFO: Run Behavior\ContentReplaceBehavior [ RunTime:0.000050s ]
INFO: [ template_filter ] --END-- [ RunTime:0.000077s ]
SQL: SHOW COLUMNS FROM `tp_role` [ RunTime:0.0005s ]
SQL: SELECT * FROM `tp_role`  [ RunTime:0.0001s ]
INFO: Run Behavior\ParseTemplateBehavior [ RunTime:0.005819s ]
INFO: [ view_parse ] --END-- [ RunTime:0.005840s ]
INFO: [ view_filter ] --START--
INFO: Run Behavior\WriteHtmlCacheBehavior [ RunTime:0.000180s ]
INFO: [ view_filter ] --END-- [ RunTime:0.000199s ]
INFO: [ app_end ] --START--
INFO: Run Behavior\ShowPageTraceBehavior [ RunTime:0.000439s ]
INFO: [ app_end ] --END-- [ RunTime:0.000459s ]

[ 2018-07-19T22:36:59+08:00 ] 111.201.247.216 /admin.php/Index/index.html
INFO: [ app_init ] --START--
INFO: Run Behavior\BuildLiteBehavior [ RunTime:0.000006s ]
INFO: [ app_init ] --END-- [ RunTime:0.000027s ]
INFO: [ app_begin ] --START--
INFO: Run Behavior\ReadHtmlCacheBehavior [ RunTime:0.000269s ]
INFO: [ app_begin ] --END-- [ RunTime:0.000288s ]
NOTIC: [2] session_name(): Cannot change session name when session is active /home/wwwroot/test.xihuanmall.com/ThinkPHP/Common/functions.php 第 1238 行.
NOTIC: [2] ini_set(): A session is active. You cannot change the session module's ini settings at this time /home/wwwroot/test.xihuanmall.com/ThinkPHP/Common/functions.php 第 1242 行.
NOTIC: [2] ini_set(): A session is active. You cannot change the session module's ini settings at this time /home/wwwroot/test.xihuanmall.com/ThinkPHP/Common/functions.php 第 1243 行.
NOTIC: [8] session_start(): A session had already been started - ignoring /home/wwwroot/test.xihuanmall.com/ThinkPHP/Common/functions.php 第 1263 行.
SQL: SHOW COLUMNS FROM `tp_menu` [ RunTime:0.0007s ]
SQL: SELECT * FROM `tp_menu` ORDER BY step asc  [ RunTime:0.0001s ]
INFO: [ view_parse ] --START--
INFO: [ template_filter ] --START--
INFO: Run Behavior\ContentReplaceBehavior [ RunTime:0.000037s ]
INFO: [ template_filter ] --END-- [ RunTime:0.000057s ]
INFO: Run Behavior\ParseTemplateBehavior [ RunTime:0.004301s ]
INFO: [ view_parse ] --END-- [ RunTime:0.004320s ]
INFO: [ view_filter ] --START--
INFO: Run Behavior\WriteHtmlCacheBehavior [ RunTime:0.000127s ]
INFO: [ view_filter ] --END-- [ RunTime:0.000140s ]
INFO: [ app_end ] --START--
INFO: Run Behavior\ShowPageTraceBehavior [ RunTime:0.000303s ]
INFO: [ app_end ] --END-- [ RunTime:0.000319s ]

[ 2018-07-19T22:36:59+08:00 ] 111.201.247.216 /admin.php/Index/welcome.html
INFO: [ app_init ] --START--
INFO: Run Behavior\BuildLiteBehavior [ RunTime:0.000006s ]
INFO: [ app_init ] --END-- [ RunTime:0.000028s ]
INFO: [ app_begin ] --START--
INFO: Run Behavior\ReadHtmlCacheBehavior [ RunTime:0.000292s ]
INFO: [ app_begin ] --END-- [ RunTime:0.000311s ]
NOTIC: [2] session_name(): Cannot change session name when session is active /home/wwwroot/test.xihuanmall.com/ThinkPHP/Common/functions.php 第 1238 行.
NOTIC: [2] ini_set(): A session is active. You cannot change the session module's ini settings at this time /home/wwwroot/test.xihuanmall.com/ThinkPHP/Common/functions.php 第 1242 行.
NOTIC: [2] ini_set(): A session is active. You cannot change the session module's ini settings at this time /home/wwwroot/test.xihuanmall.com/ThinkPHP/Common/functions.php 第 1243 行.
NOTIC: [8] session_start(): A session had already been started - ignoring /home/wwwroot/test.xihuanmall.com/ThinkPHP/Common/functions.php 第 1263 行.
SQL: SHOW COLUMNS FROM `tp_menu` [ RunTime:0.0005s ]
SQL: SELECT * FROM `tp_menu` ORDER BY step asc  [ RunTime:0.0001s ]
INFO: [ app_end ] --START--
INFO: Run Behavior\ShowPageTraceBehavior [ RunTime:0.000337s ]
INFO: [ app_end ] --END-- [ RunTime:0.000357s ]

[ 2018-07-19T22:37:21+08:00 ] 111.201.247.216 /admin.php/Order/index.html
INFO: [ app_init ] --START--
INFO: Run Behavior\BuildLiteBehavior [ RunTime:0.000007s ]
INFO: [ app_init ] --END-- [ RunTime:0.000030s ]
INFO: [ app_begin ] --START--
INFO: Run Behavior\ReadHtmlCacheBehavior [ RunTime:0.000248s ]
INFO: [ app_begin ] --END-- [ RunTime:0.000270s ]
NOTIC: [2] Declaration of Admin\Controller\OrderController::show() should be compatible with Think\Controller::show($content, $charset = '', $contentType = '', $prefix = '') /home/wwwroot/test.xihuanmall.com/Application/Admin/Controller/OrderController.class.php 第 4 行.
SQL: SHOW COLUMNS FROM `tp_order` [ RunTime:0.0123s ]
SQL: SHOW COLUMNS FROM `tp_order_product` [ RunTime:0.0006s ]
NOTIC: [2] session_name(): Cannot change session name when session is active /home/wwwroot/test.xihuanmall.com/ThinkPHP/Common/functions.php 第 1238 行.
NOTIC: [2] ini_set(): A session is active. You cannot change the session module's ini settings at this time /home/wwwroot/test.xihuanmall.com/ThinkPHP/Common/functions.php 第 1242 行.
NOTIC: [2] ini_set(): A session is active. You cannot change the session module's ini settings at this time /home/wwwroot/test.xihuanmall.com/ThinkPHP/Common/functions.php 第 1243 行.
NOTIC: [8] session_start(): A session had already been started - ignoring /home/wwwroot/test.xihuanmall.com/ThinkPHP/Common/functions.php 第 1263 行.
SQL: SHOW COLUMNS FROM `tp_menu` [ RunTime:0.0004s ]
SQL: SELECT * FROM `tp_menu` ORDER BY step asc  [ RunTime:0.0001s ]
NOTIC: [8] Undefined index: pay_type /home/wwwroot/test.xihuanmall.com/Application/Admin/Controller/OrderController.class.php 第 25 行.
NOTIC: [8] Undefined index: pay_status /home/wwwroot/test.xihuanmall.com/Application/Admin/Controller/OrderController.class.php 第 26 行.
NOTIC: [8] Undefined index: start_time /home/wwwroot/test.xihuanmall.com/Application/Admin/Controller/OrderController.class.php 第 27 行.
NOTIC: [8] Undefined index: end_time /home/wwwroot/test.xihuanmall.com/Application/Admin/Controller/OrderController.class.php 第 28 行.
SQL: SELECT COUNT(*) AS tp_count FROM `tp_order` WHERE ( 1=1 AND del=0 ) LIMIT 1   [ RunTime:0.0000s ]
SQL: SELECT * FROM `tp_order` WHERE ( 1=1 AND del=0 ) ORDER BY id desc LIMIT 0,25   [ RunTime:0.0001s ]
SQL: SHOW COLUMNS FROM `tp_user` [ RunTime:0.0004s ]
SQL: SELECT `uname` FROM `tp_user` WHERE ( id=553 ) LIMIT 1   [ RunTime:0.0002s ]
SQL: SELECT `uname` FROM `tp_user` WHERE ( id=553 ) LIMIT 1   [ RunTime:0.0000s ]
SQL: SELECT `uname` FROM `tp_user` WHERE ( id=553 ) LIMIT 1   [ RunTime:0.0001s ]
SQL: SELECT `uname` FROM `tp_user` WHERE ( id=628 ) LIMIT 1   [ RunTime:0.0001s ]
SQL: SELECT `uname` FROM `tp_user` WHERE ( id=598 ) LIMIT 1   [ RunTime:0.0001s ]
SQL: SELECT `uname` FROM `tp_user` WHERE ( id=555 ) LIMIT 1   [ RunTime:0.0001s ]
SQL: SELECT `uname` FROM `tp_user` WHERE ( id=575 ) LIMIT 1   [ RunTime:0.0001s ]
SQL: SELECT `uname` FROM `tp_user` WHERE ( id=553 ) LIMIT 1   [ RunTime:0.0000s ]
SQL: SELECT `uname` FROM `tp_user` WHERE ( id=553 ) LIMIT 1   [ RunTime:0.0000s ]
SQL: SELECT `uname` FROM `tp_user` WHERE ( id=553 ) LIMIT 1   [ RunTime:0.0000s ]
SQL: SELECT `uname` FROM `tp_user` WHERE ( id=553 ) LIMIT 1   [ RunTime:0.0000s ]
SQL: SELECT `uname` FROM `tp_user` WHERE ( id=553 ) LIMIT 1   [ RunTime:0.0000s ]
SQL: SELECT `uname` FROM `tp_user` WHERE ( id=555 ) LIMIT 1   [ RunTime:0.0000s ]
SQL: SELECT `uname` FROM `tp_user` WHERE ( id=553 ) LIMIT 1   [ RunTime:0.0000s ]
SQL: SELECT `uname` FROM `tp_user` WHERE ( id=553 ) LIMIT 1   [ RunTime:0.0000s ]
SQL: SELECT `uname` FROM `tp_user` WHERE ( id=553 ) LIMIT 1   [ RunTime:0.0000s ]
SQL: SELECT `uname` FROM `tp_user` WHERE ( id=553 ) LIMIT 1   [ RunTime:0.0000s ]
SQL: SELECT `uname` FROM `tp_user` WHERE ( id=553 ) LIMIT 1   [ RunTime:0.0000s ]
SQL: SELECT `uname` FROM `tp_user` WHERE ( id=553 ) LIMIT 1   [ RunTime:0.0000s ]
SQL: SELECT `uname` FROM `tp_user` WHERE ( id=553 ) LIMIT 1   [ RunTime:0.0000s ]
SQL: SELECT `uname` FROM `tp_user` WHERE ( id=553 ) LIMIT 1   [ RunTime:0.0000s ]
SQL: SELECT `uname` FROM `tp_user` WHERE ( id=553 ) LIMIT 1   [ RunTime:0.0000s ]
SQL: SELECT `uname` FROM `tp_user` WHERE ( id=553 ) LIMIT 1   [ RunTime:0.0000s ]
SQL: SELECT `uname` FROM `tp_user` WHERE ( id=553 ) LIMIT 1   [ RunTime:0.0000s ]
SQL: SELECT `uname` FROM `tp_user` WHERE ( id=553 ) LIMIT 1   [ RunTime:0.0000s ]
NOTIC: [8] Undefined index: admininfo /home/wwwroot/test.xihuanmall.com/Application/Admin/Controller/OrderController.class.php 第 119 行.
INFO: [ view_parse ] --START--
INFO: [ template_filter ] --START--
INFO: Run Behavior\ContentReplaceBehavior [ RunTime:0.000049s ]
INFO: [ template_filter ] --END-- [ RunTime:0.000070s ]
NOTIC: [8] Undefined variable: pay_type /home/wwwroot/test.xihuanmall.com/Application/Runtime/Cache/Admin/18bc66a7b6334412ab8e61a2539ecfbd.php 第 42 行.
NOTIC: [8] Undefined variable: pay_type /home/wwwroot/test.xihuanmall.com/Application/Runtime/Cache/Admin/18bc66a7b6334412ab8e61a2539ecfbd.php 第 43 行.
NOTIC: [8] Undefined variable: pay_status /home/wwwroot/test.xihuanmall.com/Application/Runtime/Cache/Admin/18bc66a7b6334412ab8e61a2539ecfbd.php 第 52 行.
NOTIC: [8] Undefined variable: pay_status /home/wwwroot/test.xihuanmall.com/Application/Runtime/Cache/Admin/18bc66a7b6334412ab8e61a2539ecfbd.php 第 52 行.
NOTIC: [8] Undefined variable: pay_status /home/wwwroot/test.xihuanmall.com/Application/Runtime/Cache/Admin/18bc66a7b6334412ab8e61a2539ecfbd.php 第 52 行.
NOTIC: [8] Undefined variable: pay_status /home/wwwroot/test.xihuanmall.com/Application/Runtime/Cache/Admin/18bc66a7b6334412ab8e61a2539ecfbd.php 第 52 行.
NOTIC: [8] Undefined variable: pay_status /home/wwwroot/test.xihuanmall.com/Application/Runtime/Cache/Admin/18bc66a7b6334412ab8e61a2539ecfbd.php 第 52 行.
NOTIC: [8] Undefined variable: pay_status /home/wwwroot/test.xihuanmall.com/Application/Runtime/Cache/Admin/18bc66a7b6334412ab8e61a2539ecfbd.php 第 52 行.
NOTIC: [8] Undefined variable: pay_status /home/wwwroot/test.xihuanmall.com/Application/Runtime/Cache/Admin/18bc66a7b6334412ab8e61a2539ecfbd.php 第 54 行.
NOTIC: [8] Undefined variable: pay_status /home/wwwroot/test.xihuanmall.com/Application/Runtime/Cache/Admin/18bc66a7b6334412ab8e61a2539ecfbd.php 第 55 行.
NOTIC: [8] Undefined variable: start_time /home/wwwroot/test.xihuanmall.com/Application/Runtime/Cache/Admin/18bc66a7b6334412ab8e61a2539ecfbd.php 第 61 行.
NOTIC: [8] Undefined variable: end_time /home/wwwroot/test.xihuanmall.com/Application/Runtime/Cache/Admin/18bc66a7b6334412ab8e61a2539ecfbd.php 第 62 行.
NOTIC: [8] Undefined index: name /home/wwwroot/test.xihuanmall.com/Application/Runtime/Cache/Admin/18bc66a7b6334412ab8e61a2539ecfbd.php 第 88 行.
NOTIC: [8] Undefined index: name /home/wwwroot/test.xihuanmall.com/Application/Runtime/Cache/Admin/18bc66a7b6334412ab8e61a2539ecfbd.php 第 88 行.
NOTIC: [8] Undefined index: name /home/wwwroot/test.xihuanmall.com/Application/Runtime/Cache/Admin/18bc66a7b6334412ab8e61a2539ecfbd.php 第 88 行.
NOTIC: [8] Undefined index: name /home/wwwroot/test.xihuanmall.com/Application/Runtime/Cache/Admin/18bc66a7b6334412ab8e61a2539ecfbd.php 第 88 行.
NOTIC: [8] Undefined index: name /home/wwwroot/test.xihuanmall.com/Application/Runtime/Cache/Admin/18bc66a7b6334412ab8e61a2539ecfbd.php 第 88 行.
NOTIC: [8] Undefined index: name /home/wwwroot/test.xihuanmall.com/Application/Runtime/Cache/Admin/18bc66a7b6334412ab8e61a2539ecfbd.php 第 88 行.
NOTIC: [8] Undefined index: name /home/wwwroot/test.xihuanmall.com/Application/Runtime/Cache/Admin/18bc66a7b6334412ab8e61a2539ecfbd.php 第 88 行.
NOTIC: [8] Undefined index: name /home/wwwroot/test.xihuanmall.com/Application/Runtime/Cache/Admin/18bc66a7b6334412ab8e61a2539ecfbd.php 第 88 行.
NOTIC: [8] Undefined index: name /home/wwwroot/test.xihuanmall.com/Application/Runtime/Cache/Admin/18bc66a7b6334412ab8e61a2539ecfbd.php 第 88 行.
NOTIC: [8] Undefined index: name /home/wwwroot/test.xihuanmall.com/Application/Runtime/Cache/Admin/18bc66a7b6334412ab8e61a2539ecfbd.php 第 88 行.
NOTIC: [8] Undefined index: name /home/wwwroot/test.xihuanmall.com/Application/Runtime/Cache/Admin/18bc66a7b6334412ab8e61a2539ecfbd.php 第 88 行.
NOTIC: [8] Undefined index: name /home/wwwroot/test.xihuanmall.com/Application/Runtime/Cache/Admin/18bc66a7b6334412ab8e61a2539ecfbd.php 第 88 行.
NOTIC: [8] Undefined index: name /home/wwwroot/test.xihuanmall.com/Application/Runtime/Cache/Admin/18bc66a7b6334412ab8e61a2539ecfbd.php 第 88 行.
NOTIC: [8] Undefined index: name /home/wwwroot/test.xihuanmall.com/Application/Runtime/Cache/Admin/18bc66a7b6334412ab8e61a2539ecfbd.php 第 88 行.
NOTIC: [8] Undefined index: name /home/wwwroot/test.xihuanmall.com/Application/Runtime/Cache/Admin/18bc66a7b6334412ab8e61a2539ecfbd.php 第 88 行.
NOTIC: [8] Undefined index: name /home/wwwroot/test.xihuanmall.com/Application/Runtime/Cache/Admin/18bc66a7b6334412ab8e61a2539ecfbd.php 第 88 行.
NOTIC: [8] Undefined index: name /home/wwwroot/test.xihuanmall.com/Application/Runtime/Cache/Admin/18bc66a7b6334412ab8e61a2539ecfbd.php 第 88 行.
NOTIC: [8] Undefined index: name /home/wwwroot/test.xihuanmall.com/Application/Runtime/Cache/Admin/18bc66a7b6334412ab8e61a2539ecfbd.php 第 88 行.
NOTIC: [8] Undefined index: name /home/wwwroot/test.xihuanmall.com/Application/Runtime/Cache/Admin/18bc66a7b6334412ab8e61a2539ecfbd.php 第 88 行.
NOTIC: [8] Undefined index: name /home/wwwroot/test.xihuanmall.com/Application/Runtime/Cache/Admin/18bc66a7b6334412ab8e61a2539ecfbd.php 第 88 行.
NOTIC: [8] Undefined index: name /home/wwwroot/test.xihuanmall.com/Application/Runtime/Cache/Admin/18bc66a7b6334412ab8e61a2539ecfbd.php 第 88 行.
NOTIC: [8] Undefined index: name /home/wwwroot/test.xihuanmall.com/Application/Runtime/Cache/Admin/18bc66a7b6334412ab8e61a2539ecfbd.php 第 88 行.
NOTIC: [8] Undefined index: name /home/wwwroot/test.xihuanmall.com/Application/Runtime/Cache/Admin/18bc66a7b6334412ab8e61a2539ecfbd.php 第 88 行.
NOTIC: [8] Undefined index: name /home/wwwroot/test.xihuanmall.com/Application/Runtime/Cache/Admin/18bc66a7b6334412ab8e61a2539ecfbd.php 第 88 行.
NOTIC: [8] Undefined index: name /home/wwwroot/test.xihuanmall.com/Application/Runtime/Cache/Admin/18bc66a7b6334412ab8e61a2539ecfbd.php 第 88 行.
INFO: Run Behavior\ParseTemplateBehavior [ RunTime:0.004315s ]
INFO: [ view_parse ] --END-- [ RunTime:0.004331s ]
INFO: [ view_filter ] --START--
INFO: Run Behavior\WriteHtmlCacheBehavior [ RunTime:0.000120s ]
INFO: [ view_filter ] --END-- [ RunTime:0.000133s ]
INFO: [ app_end ] --START--
INFO: Run Behavior\ShowPageTraceBehavior [ RunTime:0.000307s ]
INFO: [ app_end ] --END-- [ RunTime:0.000344s ]

[ 2018-07-19T22:37:23+08:00 ] 111.201.247.216 /admin.php/Order/show.html?oid=79
INFO: [ app_init ] --START--
INFO: Run Behavior\BuildLiteBehavior [ RunTime:0.000008s ]
INFO: [ app_init ] --END-- [ RunTime:0.000039s ]
INFO: [ app_begin ] --START--
INFO: Run Behavior\ReadHtmlCacheBehavior [ RunTime:0.000270s ]
INFO: [ app_begin ] --END-- [ RunTime:0.000288s ]
NOTIC: [2] Declaration of Admin\Controller\OrderController::show() should be compatible with Think\Controller::show($content, $charset = '', $contentType = '', $prefix = '') /home/wwwroot/test.xihuanmall.com/Application/Admin/Controller/OrderController.class.php 第 4 行.
SQL: SHOW COLUMNS FROM `tp_order` [ RunTime:0.0007s ]
SQL: SHOW COLUMNS FROM `tp_order_product` [ RunTime:0.0004s ]
NOTIC: [2] session_name(): Cannot change session name when session is active /home/wwwroot/test.xihuanmall.com/ThinkPHP/Common/functions.php 第 1238 行.
NOTIC: [2] ini_set(): A session is active. You cannot change the session module's ini settings at this time /home/wwwroot/test.xihuanmall.com/ThinkPHP/Common/functions.php 第 1242 行.
NOTIC: [2] ini_set(): A session is active. You cannot change the session module's ini settings at this time /home/wwwroot/test.xihuanmall.com/ThinkPHP/Common/functions.php 第 1243 行.
NOTIC: [8] session_start(): A session had already been started - ignoring /home/wwwroot/test.xihuanmall.com/ThinkPHP/Common/functions.php 第 1263 行.
SQL: SHOW COLUMNS FROM `tp_menu` [ RunTime:0.0004s ]
SQL: SELECT * FROM `tp_menu` ORDER BY step asc  [ RunTime:0.0001s ]
SQL: SELECT * FROM `tp_order` WHERE ( id=79 ) LIMIT 1   [ RunTime:0.0001s ]
SQL: SELECT * FROM `tp_order_product` WHERE ( order_id=79 )  [ RunTime:0.0000s ]
SQL: SHOW COLUMNS FROM `tp_post` [ RunTime:0.0003s ]
SQL: SELECT `id`,`name` FROM `tp_post` WHERE ( 1=1 )  [ RunTime:0.0000s ]
INFO: [ view_parse ] --START--
INFO: [ template_filter ] --START--
INFO: Run Behavior\ContentReplaceBehavior [ RunTime:0.000065s ]
INFO: [ template_filter ] --END-- [ RunTime:0.000094s ]
INFO: Run Behavior\ParseTemplateBehavior [ RunTime:0.004559s ]
INFO: [ view_parse ] --END-- [ RunTime:0.004575s ]
INFO: [ view_filter ] --START--
INFO: Run Behavior\WriteHtmlCacheBehavior [ RunTime:0.000131s ]
INFO: [ view_filter ] --END-- [ RunTime:0.000144s ]
INFO: [ app_end ] --START--
INFO: Run Behavior\ShowPageTraceBehavior [ RunTime:0.000357s ]
INFO: [ app_end ] --END-- [ RunTime:0.000375s ]

